OpenJDK 64-Bit Server VM warning: Option UseConcMarkSweepGC was deprecated in version 9.0 and will likely be removed in a future release.
2020-12-19 17:58:20,441 [    190]   WARN - llij.ide.plugins.PluginManager - Resource bundle redefinition for plugin 'com.jetbrains.pycharm.community.customization'. Old value: messages.ActionsBundle, new value: messages.PyBundle 
2020-12-19 17:58:32,032 [  11781]   WARN - nSystem.impl.ActionManagerImpl - keymap "Visual Studio" not found [Plugin: com.intellij] 
2020-12-19 17:58:32,033 [  11782]   WARN - nSystem.impl.ActionManagerImpl - keymap "Eclipse" not found [Plugin: com.intellij] 
2020-12-19 17:58:32,034 [  11783]   WARN - nSystem.impl.ActionManagerImpl - keymap "NetBeans 6.5" not found [Plugin: com.intellij] 
2020-12-19 17:58:32,034 [  11783]   WARN - nSystem.impl.ActionManagerImpl - keymap "Visual Studio" not found [Plugin: com.intellij] 
2020-12-19 17:58:32,165 [  11914]   WARN - nSystem.impl.ActionManagerImpl - keymap "Eclipse" not found [Plugin: org.jetbrains.plugins.github] 
2020-12-19 17:58:32,168 [  11917]   WARN - nSystem.impl.ActionManagerImpl - keymap "Eclipse" not found [Plugin: PythonCore] 
2020-12-19 17:58:32,169 [  11918]   WARN - nSystem.impl.ActionManagerImpl - keymap "NetBeans 6.5" not found [Plugin: PythonCore] 
2020-12-19 17:58:53,132 [  32881]   WARN - .skeletons.PySkeletonRefresher - Some skeletons failed to generate 
2020-12-19 17:58:53,132 [  32881]   WARN - .skeletons.PySkeletonRefresher - scipy.optimize._lsap_ 
2020-12-19 17:58:53,132 [  32881]   WARN - .skeletons.PySkeletonRefresher - tensorflow.compiler.tf2xla.ops._xla_ops 
2020-12-19 17:58:53,132 [  32881]   WARN - .skeletons.PySkeletonRefresher - tensorflow.core.kernels.libtfkernel_sobol_op 
2020-12-19 17:58:53,132 [  32881]   WARN - .skeletons.PySkeletonRefresher - tensorflow.lite.experimental.microfrontend.python.ops._audio_microfrontend_op 
2020-12-19 17:58:53,132 [  32881]   WARN - .skeletons.PySkeletonRefresher - tensorflow.lite.python.optimize._tensorflow_lite_wrap_calibration_wrapper 
2020-12-19 17:58:53,132 [  32881]   WARN - .skeletons.PySkeletonRefresher - torch.lib.libc10 
2020-12-19 17:58:53,132 [  32881]   WARN - .skeletons.PySkeletonRefresher - torch.lib.libc10_cuda 
2020-12-19 17:58:53,132 [  32881]   WARN - .skeletons.PySkeletonRefresher - torch.lib.libcaffe2_detectron_ops_gpu 
2020-12-19 17:58:53,132 [  32881]   WARN - .skeletons.PySkeletonRefresher - torch.lib.libcaffe2_module_test_dynamic 
2020-12-19 17:58:53,132 [  32881]   WARN - .skeletons.PySkeletonRefresher - torch.lib.libcaffe2_nvrtc 
2020-12-19 17:58:53,132 [  32881]   WARN - .skeletons.PySkeletonRefresher - torch.lib.libcaffe2_observers 
2020-12-19 17:58:53,132 [  32881]   WARN - .skeletons.PySkeletonRefresher - torch.lib.libshm 
2020-12-19 17:58:53,132 [  32881]   WARN - .skeletons.PySkeletonRefresher - torch.lib.libtorch 
2020-12-19 17:58:53,132 [  32881]   WARN - .skeletons.PySkeletonRefresher - torch.lib.libtorch_cpu 
2020-12-19 17:58:53,132 [  32881]   WARN - .skeletons.PySkeletonRefresher - torch.lib.libtorch_cuda 
2020-12-19 17:58:53,132 [  32881]   WARN - .skeletons.PySkeletonRefresher - torch.lib.libtorch_global_deps 
2020-12-19 17:58:53,132 [  32881]   WARN - .skeletons.PySkeletonRefresher - torch.lib.libtorch_python 
2020-12-19 17:58:53,132 [  32881]   WARN - .skeletons.PySkeletonRefresher - torchvision._C 
2020-12-19 17:58:53,132 [  32881]   WARN - .skeletons.PySkeletonRefresher - torchvision.image 
2020-12-19 17:58:53,132 [  32881]   WARN - .skeletons.PySkeletonRefresher - xgboost.lib.libxgboost 
2020-12-19 18:01:29,436 [ 189185]   WARN - com.intellij.ide.IdeEventQueue - Too many mouse clicks (21)!!! 
2020-12-19 18:01:30,001 [ 189750]   WARN - com.intellij.ide.IdeEventQueue - Too many mouse clicks (22)!!! 
2020-12-19 18:04:24,801 [ 364550]   WARN - com.intellij.ide.IdeEventQueue - Too many mouse clicks (16)!!! 
2020-12-19 18:04:25,841 [ 365590]   WARN - com.intellij.ide.IdeEventQueue - Too many mouse clicks (29)!!! 
2020-12-19 18:07:37,551 [ 557300]   WARN - com.intellij.ide.IdeEventQueue - Too many mouse clicks (12)!!! 
2020-12-19 18:10:49,211 [ 748960]   WARN - com.intellij.ide.IdeEventQueue - Too many mouse clicks (11)!!! 
2020-12-19 18:10:49,223 [ 748972]   WARN - com.intellij.ide.IdeEventQueue - Too many mouse clicks (11)!!! 
2020-12-19 18:12:26,074 [ 845823]   WARN - com.intellij.ide.IdeEventQueue - Too many mouse clicks (30)!!! 
2020-12-19 18:12:26,078 [ 845827]   WARN - com.intellij.ide.IdeEventQueue - Too many mouse clicks (30)!!! 
OpenJDK 64-Bit Server VM warning: Option UseConcMarkSweepGC was deprecated in version 9.0 and will likely be removed in a future release.
2020-12-20 01:41:00,925 [    248]   WARN - llij.ide.plugins.PluginManager - Resource bundle redefinition for plugin 'com.jetbrains.pycharm.community.customization'. Old value: messages.ActionsBundle, new value: messages.PyBundle 
2020-12-20 01:41:14,439 [  13762]   WARN - nSystem.impl.ActionManagerImpl - keymap "Visual Studio" not found [Plugin: com.intellij] 
2020-12-20 01:41:14,444 [  13767]   WARN - nSystem.impl.ActionManagerImpl - keymap "Eclipse" not found [Plugin: com.intellij] 
2020-12-20 01:41:14,445 [  13768]   WARN - nSystem.impl.ActionManagerImpl - keymap "NetBeans 6.5" not found [Plugin: com.intellij] 
2020-12-20 01:41:14,445 [  13768]   WARN - nSystem.impl.ActionManagerImpl - keymap "Visual Studio" not found [Plugin: com.intellij] 
2020-12-20 01:41:14,647 [  13970]   WARN - nSystem.impl.ActionManagerImpl - keymap "Eclipse" not found [Plugin: org.jetbrains.plugins.github] 
2020-12-20 01:41:14,651 [  13974]   WARN - nSystem.impl.ActionManagerImpl - keymap "Eclipse" not found [Plugin: PythonCore] 
2020-12-20 01:41:14,652 [  13975]   WARN - nSystem.impl.ActionManagerImpl - keymap "NetBeans 6.5" not found [Plugin: PythonCore] 
2020-12-20 01:41:32,538 [  31861]   WARN - .skeletons.PySkeletonRefresher - Some skeletons failed to generate 
2020-12-20 01:41:32,538 [  31861]   WARN - .skeletons.PySkeletonRefresher - scipy.optimize._lsap_ 
2020-12-20 01:41:32,538 [  31861]   WARN - .skeletons.PySkeletonRefresher - tensorflow.compiler.tf2xla.ops._xla_ops 
2020-12-20 01:41:32,538 [  31861]   WARN - .skeletons.PySkeletonRefresher - tensorflow.core.kernels.libtfkernel_sobol_op 
2020-12-20 01:41:32,538 [  31861]   WARN - .skeletons.PySkeletonRefresher - tensorflow.lite.experimental.microfrontend.python.ops._audio_microfrontend_op 
2020-12-20 01:41:32,538 [  31861]   WARN - .skeletons.PySkeletonRefresher - tensorflow.lite.python.optimize._tensorflow_lite_wrap_calibration_wrapper 
2020-12-20 01:41:32,538 [  31861]   WARN - .skeletons.PySkeletonRefresher - torch.lib.libc10 
2020-12-20 01:41:32,538 [  31861]   WARN - .skeletons.PySkeletonRefresher - torch.lib.libc10_cuda 
2020-12-20 01:41:32,538 [  31861]   WARN - .skeletons.PySkeletonRefresher - torch.lib.libcaffe2_detectron_ops_gpu 
2020-12-20 01:41:32,538 [  31861]   WARN - .skeletons.PySkeletonRefresher - torch.lib.libcaffe2_module_test_dynamic 
2020-12-20 01:41:32,538 [  31861]   WARN - .skeletons.PySkeletonRefresher - torch.lib.libcaffe2_nvrtc 
2020-12-20 01:41:32,538 [  31861]   WARN - .skeletons.PySkeletonRefresher - torch.lib.libcaffe2_observers 
2020-12-20 01:41:32,538 [  31861]   WARN - .skeletons.PySkeletonRefresher - torch.lib.libshm 
2020-12-20 01:41:32,538 [  31861]   WARN - .skeletons.PySkeletonRefresher - torch.lib.libtorch 
2020-12-20 01:41:32,538 [  31861]   WARN - .skeletons.PySkeletonRefresher - torch.lib.libtorch_cpu 
2020-12-20 01:41:32,538 [  31861]   WARN - .skeletons.PySkeletonRefresher - torch.lib.libtorch_cuda 
2020-12-20 01:41:32,538 [  31861]   WARN - .skeletons.PySkeletonRefresher - torch.lib.libtorch_global_deps 
2020-12-20 01:41:32,538 [  31861]   WARN - .skeletons.PySkeletonRefresher - torch.lib.libtorch_python 
2020-12-20 01:41:32,538 [  31861]   WARN - .skeletons.PySkeletonRefresher - torchvision._C 
2020-12-20 01:41:32,538 [  31861]   WARN - .skeletons.PySkeletonRefresher - torchvision.image 
2020-12-20 01:41:32,538 [  31861]   WARN - .skeletons.PySkeletonRefresher - xgboost.lib.libxgboost 
2020-12-20 01:41:48,687 [  48010]   WARN - com.intellij.ide.IdeEventQueue - Too many mouse clicks (13)!!! 
2020-12-20 01:41:49,123 [  48446]   WARN - com.intellij.ide.IdeEventQueue - Too many mouse clicks (19)!!! 
2020-12-20 01:45:03,241 [ 242564]   WARN - com.intellij.ide.IdeEventQueue - Too many mouse clicks (12)!!! 
2020-12-20 01:47:02,126 [ 361449]   WARN - com.intellij.ide.IdeEventQueue - Too many mouse clicks (11)!!! 
2020-12-20 01:47:02,145 [ 361468]   WARN - com.intellij.ide.IdeEventQueue - Too many mouse clicks (11)!!! 
2020-12-20 01:51:03,975 [ 603298]   WARN - com.intellij.ide.IdeEventQueue - Too many mouse clicks (15)!!! 
2020-12-20 02:16:33,388 [2132711]   WARN - com.intellij.ide.IdeEventQueue - Too many mouse clicks (14)!!! 
2020-12-20 02:16:33,748 [2133071]   WARN - com.intellij.ide.IdeEventQueue - Too many mouse clicks (20)!!! 
2020-12-20 02:16:41,120 [2140443]   WARN - com.intellij.ide.IdeEventQueue - Too many mouse clicks (12)!!! 
2020-12-20 02:16:41,978 [2141301]   WARN - com.intellij.ide.IdeEventQueue - Too many mouse clicks (13)!!! 
2020-12-20 02:17:55,367 [2214690]   WARN - com.intellij.ide.IdeEventQueue - Too many mouse clicks (14)!!! 
2020-12-20 02:17:55,375 [2214698]   WARN - com.intellij.ide.IdeEventQueue - Too many mouse clicks (14)!!! 
2020-12-20 02:17:55,467 [2214790]   WARN - com.intellij.ide.IdeEventQueue - Too many mouse clicks (15)!!! 
2020-12-20 02:17:55,546 [2214869]   WARN - com.intellij.ide.IdeEventQueue - Too many mouse clicks (20)!!! 
2020-12-20 02:17:55,569 [2214892]   WARN - com.intellij.ide.IdeEventQueue - Too many mouse clicks (20)!!! 
2020-12-20 02:17:59,335 [2218658]   WARN - com.intellij.ide.IdeEventQueue - Too many mouse clicks (17)!!! 
2020-12-20 02:17:59,561 [2218884]   WARN - com.intellij.ide.IdeEventQueue - Too many mouse clicks (18)!!! 
2020-12-20 02:17:59,581 [2218904]   WARN - com.intellij.ide.IdeEventQueue - Too many mouse clicks (18)!!! 
2020-12-20 02:17:59,617 [2218940]   WARN - com.intellij.ide.IdeEventQueue - Too many mouse clicks (18)!!! 
2020-12-20 02:17:59,621 [2218944]   WARN - com.intellij.ide.IdeEventQueue - Too many mouse clicks (19)!!! 
2020-12-20 02:17:59,652 [2218975]   WARN - com.intellij.ide.IdeEventQueue - Too many mouse clicks (20)!!! 
2020-12-20 02:18:00,895 [2220218]   WARN - com.intellij.ide.IdeEventQueue - Too many mouse clicks (11)!!! 
2020-12-20 02:18:00,899 [2220222]   WARN - com.intellij.ide.IdeEventQueue - Too many mouse clicks (11)!!! 
2020-12-20 02:18:01,777 [2221100]   WARN - com.intellij.ide.IdeEventQueue - Too many mouse clicks (13)!!! 
2020-12-20 02:18:01,802 [2221125]   WARN - com.intellij.ide.IdeEventQueue - Too many mouse clicks (14)!!! 
2020-12-20 02:18:40,781 [2260104]   WARN - com.intellij.ide.IdeEventQueue - Too many mouse clicks (11)!!! 
2020-12-20 02:18:40,981 [2260304]   WARN - com.intellij.ide.IdeEventQueue - Too many mouse clicks (12)!!! 
2020-12-20 02:18:41,003 [2260326]   WARN - com.intellij.ide.IdeEventQueue - Too many mouse clicks (12)!!! 
2020-12-20 02:18:41,127 [2260450]   WARN - com.intellij.ide.IdeEventQueue - Too many mouse clicks (13)!!! 
2020-12-20 02:22:10,710 [2470033]   WARN - com.intellij.ide.IdeEventQueue - Too many mouse clicks (11)!!! 
2020-12-20 02:23:02,134 [2521457]   WARN - com.intellij.ide.IdeEventQueue - Too many mouse clicks (11)!!! 
2020-12-20 02:23:02,150 [2521473]   WARN - com.intellij.ide.IdeEventQueue - Too many mouse clicks (11)!!! 
2020-12-20 02:23:06,148 [2525471]   WARN - com.intellij.ide.IdeEventQueue - Too many mouse clicks (19)!!! 
2020-12-20 02:23:06,261 [2525584]   WARN - com.intellij.ide.IdeEventQueue - Too many mouse clicks (25)!!! 
2020-12-20 02:23:06,431 [2525754]   WARN - com.intellij.ide.IdeEventQueue - Too many mouse clicks (25)!!! 
2020-12-20 02:23:06,434 [2525757]   WARN - com.intellij.ide.IdeEventQueue - Too many mouse clicks (25)!!! 
2020-12-20 02:23:06,438 [2525761]   WARN - com.intellij.ide.IdeEventQueue - Too many mouse clicks (25)!!! 
2020-12-20 02:23:15,168 [2534491]   WARN - com.intellij.ide.IdeEventQueue - Too many mouse clicks (16)!!! 
2020-12-20 02:23:15,176 [2534499]   WARN - com.intellij.ide.IdeEventQueue - Too many mouse clicks (16)!!! 
2020-12-20 02:49:16,777 [4096100]   WARN - com.intellij.ide.IdeEventQueue - Too many mouse clicks (14)!!! 
2020-12-20 02:49:16,797 [4096120]   WARN - com.intellij.ide.IdeEventQueue - Too many mouse clicks (14)!!! 
2020-12-20 03:01:21,720 [4821043]   WARN - com.intellij.ide.IdeEventQueue - Too many mouse clicks (13)!!! 
2020-12-20 03:01:24,407 [4823730]   WARN - com.intellij.ide.IdeEventQueue - Too many mouse clicks (41)!!! 
2020-12-20 03:01:24,457 [4823780]   WARN - com.intellij.ide.IdeEventQueue - Too many mouse clicks (41)!!! 
2020-12-20 03:01:31,493 [4830816]   WARN - com.intellij.ide.IdeEventQueue - Too many mouse clicks (12)!!! 
2020-12-20 03:01:31,500 [4830823]   WARN - com.intellij.ide.IdeEventQueue - Too many mouse clicks (12)!!! 
2020-12-20 03:01:31,510 [4830833]   WARN - com.intellij.ide.IdeEventQueue - Too many mouse clicks (12)!!! 
2020-12-20 03:01:31,512 [4830835]   WARN - com.intellij.ide.IdeEventQueue - Too many mouse clicks (12)!!! 
[GFX1-]: Failed to allocate a surface due to invalid size (CDT) Size(7160,27131)
[GFX1-]: Failed to allocate a surface due to invalid size (CDT) Size(7160,27131)
[GFX1-]: Failed to allocate a surface due to invalid size (CDT) Size(7160,27131)
[GFX1-]: Failed borrow shared and basic targets.
2020-12-20 03:40:19,351 [7158674]   WARN - com.intellij.ide.IdeEventQueue - Too many mouse clicks (22)!!! 
2020-12-20 03:40:19,355 [7158678]   WARN - com.intellij.ide.IdeEventQueue - Too many mouse clicks (22)!!! 
2020-12-20 03:40:19,475 [7158798]   WARN - com.intellij.ide.IdeEventQueue - Too many mouse clicks (25)!!! 
2020-12-20 03:40:19,658 [7158981]   WARN - com.intellij.ide.IdeEventQueue - Too many mouse clicks (26)!!! 
2020-12-20 03:40:22,454 [7161777]   WARN - com.intellij.ide.IdeEventQueue - Too many mouse clicks (23)!!! 
2020-12-20 03:40:22,461 [7161784]   WARN - com.intellij.ide.IdeEventQueue - Too many mouse clicks (23)!!! 
2020-12-20 03:40:22,671 [7161994]   WARN - com.intellij.ide.IdeEventQueue - Too many mouse clicks (25)!!! 
2020-12-20 04:32:46,695 [10306018]   WARN - .diagnostic.PerformanceWatcher - UI was frozen for 6464ms, details saved to /home/inje/.cache/JetBrains/PyCharmCE2020.3/log/threadDumps-freeze-20201220-043245-PC-203.5981.165-Blit.Blit-6sec 
2020-12-20 04:32:53,576 [10312899]   WARN - .diagnostic.PerformanceWatcher - UI was frozen for 6865ms, details saved to /home/inje/.cache/JetBrains/PyCharmCE2020.3/log/threadDumps-freeze-20201220-043251-PC-203.5981.165-Blit.Blit-6sec 
2020-12-20 04:33:30,556 [10349879]   WARN - com.intellij.ide.IdeEventQueue - Too many mouse clicks (14)!!! 
2020-12-20 04:33:31,404 [10350727]   WARN - com.intellij.ide.IdeEventQueue - Too many mouse clicks (11)!!! 
2020-12-20 04:33:31,446 [10350769]   WARN - com.intellij.ide.IdeEventQueue - Too many mouse clicks (13)!!! 
2020-12-20 04:33:32,795 [10352118]   WARN - com.intellij.ide.IdeEventQueue - Too many mouse clicks (13)!!! 
2020-12-20 04:53:07,766 [11527089]   WARN - com.intellij.ide.IdeEventQueue - Too many mouse clicks (11)!!! 
2020-12-20 04:53:07,768 [11527091]   WARN - com.intellij.ide.IdeEventQueue - Too many mouse clicks (11)!!! 
2020-12-20 04:53:07,772 [11527095]   WARN - com.intellij.ide.IdeEventQueue - Too many mouse clicks (11)!!! 
2020-12-20 04:53:07,780 [11527103]   WARN - com.intellij.ide.IdeEventQueue - Too many mouse clicks (12)!!! 
2020-12-20 04:53:07,784 [11527107]   WARN - com.intellij.ide.IdeEventQueue - Too many mouse clicks (12)!!! 
2020-12-20 04:53:07,793 [11527116]   WARN - com.intellij.ide.IdeEventQueue - Too many mouse clicks (13)!!! 
2020-12-20 04:53:07,845 [11527168]   WARN - com.intellij.ide.IdeEventQueue - Too many mouse clicks (13)!!! 
2020-12-20 04:53:07,852 [11527175]   WARN - com.intellij.ide.IdeEventQueue - Too many mouse clicks (13)!!! 
2020-12-20 05:06:17,744 [12317067]   WARN - com.intellij.ide.IdeEventQueue - Too many mouse clicks (12)!!! 
2020-12-20 05:06:17,768 [12317091]   WARN - com.intellij.ide.IdeEventQueue - Too many mouse clicks (13)!!! 
2020-12-20 05:06:17,898 [12317221]   WARN - com.intellij.ide.IdeEventQueue - Too many mouse clicks (14)!!! 
2020-12-20 05:06:18,025 [12317348]   WARN - com.intellij.ide.IdeEventQueue - Too many mouse clicks (14)!!! 
2020-12-20 05:06:43,069 [12342392]   WARN - com.intellij.ide.IdeEventQueue - Too many mouse clicks (19)!!! 
2020-12-20 05:21:31,791 [13231114]   WARN - com.intellij.ide.IdeEventQueue - Too many mouse clicks (16)!!! 
2020-12-20 05:21:32,131 [13231454]   WARN - com.intellij.ide.IdeEventQueue - Too many mouse clicks (16)!!! 
2020-12-20 05:21:32,143 [13231466]   WARN - com.intellij.ide.IdeEventQueue - Too many mouse clicks (16)!!! 
2020-12-20 05:23:23,731 [13343054]   WARN - com.intellij.ide.IdeEventQueue - Too many mouse clicks (15)!!! 
2020-12-20 05:23:23,757 [13343080]   WARN - com.intellij.ide.IdeEventQueue - Too many mouse clicks (15)!!! 
2020-12-20 05:23:23,950 [13343273]   WARN - com.intellij.ide.IdeEventQueue - Too many mouse clicks (15)!!! 
2020-12-20 05:23:23,958 [13343281]   WARN - com.intellij.ide.IdeEventQueue - Too many mouse clicks (16)!!! 
2020-12-20 05:23:23,988 [13343311]   WARN - com.intellij.ide.IdeEventQueue - Too many mouse clicks (17)!!! 
2020-12-20 05:38:18,505 [14237828]   WARN - com.intellij.ide.IdeEventQueue - Too many mouse clicks (11)!!! 
2020-12-20 05:42:15,870 [14475193]   WARN - com.intellij.ide.IdeEventQueue - Too many mouse clicks (18)!!! 
2020-12-20 05:42:20,275 [14479598]   WARN - com.intellij.ide.IdeEventQueue - Too many mouse clicks (12)!!! 
2020-12-20 05:42:20,331 [14479654]   WARN - com.intellij.ide.IdeEventQueue - Too many mouse clicks (12)!!! 
2020-12-20 05:42:25,078 [14484401]   WARN - com.intellij.ide.IdeEventQueue - Too many mouse clicks (11)!!! 
2020-12-20 05:42:25,164 [14484487]   WARN - com.intellij.ide.IdeEventQueue - Too many mouse clicks (17)!!! 
2020-12-20 05:42:25,548 [14484871]   WARN - com.intellij.ide.IdeEventQueue - Too many mouse clicks (26)!!! 
OpenJDK 64-Bit Server VM warning: Option UseConcMarkSweepGC was deprecated in version 9.0 and will likely be removed in a future release.
2020-12-20 11:01:12,562 [    207]   WARN - llij.ide.plugins.PluginManager - Resource bundle redefinition for plugin 'com.jetbrains.pycharm.community.customization'. Old value: messages.ActionsBundle, new value: messages.PyBundle 
2020-12-20 11:01:26,128 [  13773]   WARN - nSystem.impl.ActionManagerImpl - keymap "Visual Studio" not found [Plugin: com.intellij] 
2020-12-20 11:01:26,130 [  13775]   WARN - nSystem.impl.ActionManagerImpl - keymap "Eclipse" not found [Plugin: com.intellij] 
2020-12-20 11:01:26,130 [  13775]   WARN - nSystem.impl.ActionManagerImpl - keymap "NetBeans 6.5" not found [Plugin: com.intellij] 
2020-12-20 11:01:26,130 [  13775]   WARN - nSystem.impl.ActionManagerImpl - keymap "Visual Studio" not found [Plugin: com.intellij] 
2020-12-20 11:01:26,253 [  13898]   WARN - nSystem.impl.ActionManagerImpl - keymap "Eclipse" not found [Plugin: org.jetbrains.plugins.github] 
2020-12-20 11:01:26,256 [  13901]   WARN - nSystem.impl.ActionManagerImpl - keymap "Eclipse" not found [Plugin: PythonCore] 
2020-12-20 11:01:26,257 [  13902]   WARN - nSystem.impl.ActionManagerImpl - keymap "NetBeans 6.5" not found [Plugin: PythonCore] 
2020-12-20 11:01:44,133 [  31778]   WARN - .skeletons.PySkeletonRefresher - Some skeletons failed to generate 
2020-12-20 11:01:44,133 [  31778]   WARN - .skeletons.PySkeletonRefresher - scipy.optimize._lsap_ 
2020-12-20 11:01:44,133 [  31778]   WARN - .skeletons.PySkeletonRefresher - tensorflow.compiler.tf2xla.ops._xla_ops 
2020-12-20 11:01:44,133 [  31778]   WARN - .skeletons.PySkeletonRefresher - tensorflow.core.kernels.libtfkernel_sobol_op 
2020-12-20 11:01:44,133 [  31778]   WARN - .skeletons.PySkeletonRefresher - tensorflow.lite.experimental.microfrontend.python.ops._audio_microfrontend_op 
2020-12-20 11:01:44,133 [  31778]   WARN - .skeletons.PySkeletonRefresher - tensorflow.lite.python.optimize._tensorflow_lite_wrap_calibration_wrapper 
2020-12-20 11:01:44,133 [  31778]   WARN - .skeletons.PySkeletonRefresher - torch.lib.libc10 
2020-12-20 11:01:44,133 [  31778]   WARN - .skeletons.PySkeletonRefresher - torch.lib.libc10_cuda 
2020-12-20 11:01:44,133 [  31778]   WARN - .skeletons.PySkeletonRefresher - torch.lib.libcaffe2_detectron_ops_gpu 
2020-12-20 11:01:44,133 [  31778]   WARN - .skeletons.PySkeletonRefresher - torch.lib.libcaffe2_module_test_dynamic 
2020-12-20 11:01:44,133 [  31778]   WARN - .skeletons.PySkeletonRefresher - torch.lib.libcaffe2_nvrtc 
2020-12-20 11:01:44,133 [  31778]   WARN - .skeletons.PySkeletonRefresher - torch.lib.libcaffe2_observers 
2020-12-20 11:01:44,133 [  31778]   WARN - .skeletons.PySkeletonRefresher - torch.lib.libshm 
2020-12-20 11:01:44,133 [  31778]   WARN - .skeletons.PySkeletonRefresher - torch.lib.libtorch 
2020-12-20 11:01:44,133 [  31778]   WARN - .skeletons.PySkeletonRefresher - torch.lib.libtorch_cpu 
2020-12-20 11:01:44,133 [  31778]   WARN - .skeletons.PySkeletonRefresher - torch.lib.libtorch_cuda 
2020-12-20 11:01:44,133 [  31778]   WARN - .skeletons.PySkeletonRefresher - torch.lib.libtorch_global_deps 
2020-12-20 11:01:44,133 [  31778]   WARN - .skeletons.PySkeletonRefresher - torch.lib.libtorch_python 
2020-12-20 11:01:44,133 [  31778]   WARN - .skeletons.PySkeletonRefresher - torchvision._C 
2020-12-20 11:01:44,133 [  31778]   WARN - .skeletons.PySkeletonRefresher - torchvision.image 
2020-12-20 11:01:44,133 [  31778]   WARN - .skeletons.PySkeletonRefresher - xgboost.lib.libxgboost 
[1220/181853.192168:FATAL:gpu_data_manager_impl_private.cc(439)] GPU process isn't usable. Goodbye.
Trace/breakpoint trap (core dumped)
OpenJDK 64-Bit Server VM warning: Option UseConcMarkSweepGC was deprecated in version 9.0 and will likely be removed in a future release.
2020-12-20 18:19:04,075 [    231]   WARN - llij.ide.plugins.PluginManager - Resource bundle redefinition for plugin 'com.jetbrains.pycharm.community.customization'. Old value: messages.ActionsBundle, new value: messages.PyBundle 
2020-12-20 18:19:17,730 [  13886]   WARN - nSystem.impl.ActionManagerImpl - keymap "Visual Studio" not found [Plugin: com.intellij] 
2020-12-20 18:19:17,732 [  13888]   WARN - nSystem.impl.ActionManagerImpl - keymap "Eclipse" not found [Plugin: com.intellij] 
2020-12-20 18:19:17,732 [  13888]   WARN - nSystem.impl.ActionManagerImpl - keymap "NetBeans 6.5" not found [Plugin: com.intellij] 
2020-12-20 18:19:17,732 [  13888]   WARN - nSystem.impl.ActionManagerImpl - keymap "Visual Studio" not found [Plugin: com.intellij] 
2020-12-20 18:19:17,884 [  14040]   WARN - nSystem.impl.ActionManagerImpl - keymap "Eclipse" not found [Plugin: org.jetbrains.plugins.github] 
2020-12-20 18:19:17,888 [  14044]   WARN - nSystem.impl.ActionManagerImpl - keymap "Eclipse" not found [Plugin: PythonCore] 
2020-12-20 18:19:17,888 [  14044]   WARN - nSystem.impl.ActionManagerImpl - keymap "NetBeans 6.5" not found [Plugin: PythonCore] 
2020-12-20 18:19:37,681 [  33837]   WARN - .skeletons.PySkeletonRefresher - Some skeletons failed to generate 
2020-12-20 18:19:37,682 [  33838]   WARN - .skeletons.PySkeletonRefresher - scipy.optimize._lsap_ 
2020-12-20 18:19:37,682 [  33838]   WARN - .skeletons.PySkeletonRefresher - tensorflow.compiler.tf2xla.ops._xla_ops 
2020-12-20 18:19:37,682 [  33838]   WARN - .skeletons.PySkeletonRefresher - tensorflow.core.kernels.libtfkernel_sobol_op 
2020-12-20 18:19:37,682 [  33838]   WARN - .skeletons.PySkeletonRefresher - tensorflow.lite.experimental.microfrontend.python.ops._audio_microfrontend_op 
2020-12-20 18:19:37,682 [  33838]   WARN - .skeletons.PySkeletonRefresher - tensorflow.lite.python.optimize._tensorflow_lite_wrap_calibration_wrapper 
2020-12-20 18:19:37,682 [  33838]   WARN - .skeletons.PySkeletonRefresher - torch.lib.libc10 
2020-12-20 18:19:37,682 [  33838]   WARN - .skeletons.PySkeletonRefresher - torch.lib.libc10_cuda 
2020-12-20 18:19:37,682 [  33838]   WARN - .skeletons.PySkeletonRefresher - torch.lib.libcaffe2_detectron_ops_gpu 
2020-12-20 18:19:37,682 [  33838]   WARN - .skeletons.PySkeletonRefresher - torch.lib.libcaffe2_module_test_dynamic 
2020-12-20 18:19:37,682 [  33838]   WARN - .skeletons.PySkeletonRefresher - torch.lib.libcaffe2_nvrtc 
2020-12-20 18:19:37,682 [  33838]   WARN - .skeletons.PySkeletonRefresher - torch.lib.libcaffe2_observers 
2020-12-20 18:19:37,682 [  33838]   WARN - .skeletons.PySkeletonRefresher - torch.lib.libshm 
2020-12-20 18:19:37,682 [  33838]   WARN - .skeletons.PySkeletonRefresher - torch.lib.libtorch 
2020-12-20 18:19:37,682 [  33838]   WARN - .skeletons.PySkeletonRefresher - torch.lib.libtorch_cpu 
2020-12-20 18:19:37,682 [  33838]   WARN - .skeletons.PySkeletonRefresher - torch.lib.libtorch_cuda 
2020-12-20 18:19:37,682 [  33838]   WARN - .skeletons.PySkeletonRefresher - torch.lib.libtorch_global_deps 
2020-12-20 18:19:37,682 [  33838]   WARN - .skeletons.PySkeletonRefresher - torch.lib.libtorch_python 
2020-12-20 18:19:37,682 [  33838]   WARN - .skeletons.PySkeletonRefresher - torchvision._C 
2020-12-20 18:19:37,682 [  33838]   WARN - .skeletons.PySkeletonRefresher - torchvision.image 
2020-12-20 18:19:37,682 [  33838]   WARN - .skeletons.PySkeletonRefresher - xgboost.lib.libxgboost 
Xlib:  extension "MIT-SHM" missing on display "localhost:10.0".
2020-12-20 18:22:11,902 [ 188058]   WARN - PyStructuredDocstringFormatter - Python SDK for docstring formatter EPYTEXT is not found 
2020-12-20 18:22:51,462 [ 227618]   WARN - .skeletons.PySkeletonRefresher - Some skeletons failed to generate 
2020-12-20 18:22:51,462 [ 227618]   WARN - .skeletons.PySkeletonRefresher - caffe2.python.caffe2_pybind11_state 
2020-12-20 18:22:51,462 [ 227618]   WARN - .skeletons.PySkeletonRefresher - caffe2.python.caffe2_pybind11_state_gpu 
2020-12-20 18:22:51,462 [ 227618]   WARN - .skeletons.PySkeletonRefresher - scipy.optimize._lsap_ 
2020-12-20 18:22:51,462 [ 227618]   WARN - .skeletons.PySkeletonRefresher - spacy._align 
2020-12-20 18:22:51,462 [ 227618]   WARN - .skeletons.PySkeletonRefresher - spacy.attrs 
2020-12-20 18:22:51,462 [ 227618]   WARN - .skeletons.PySkeletonRefresher - spacy.gold 
2020-12-20 18:22:51,462 [ 227618]   WARN - .skeletons.PySkeletonRefresher - spacy.kb 
2020-12-20 18:22:51,462 [ 227618]   WARN - .skeletons.PySkeletonRefresher - spacy.lexeme 
2020-12-20 18:22:51,462 [ 227618]   WARN - .skeletons.PySkeletonRefresher - spacy.matcher.dependencymatcher 
2020-12-20 18:22:51,462 [ 227618]   WARN - .skeletons.PySkeletonRefresher - spacy.matcher.matcher 
2020-12-20 18:22:51,462 [ 227618]   WARN - .skeletons.PySkeletonRefresher - spacy.matcher.phrasematcher 
2020-12-20 18:22:51,462 [ 227618]   WARN - .skeletons.PySkeletonRefresher - spacy.morphology 
2020-12-20 18:22:51,462 [ 227618]   WARN - .skeletons.PySkeletonRefresher - spacy.parts_of_speech 
2020-12-20 18:22:51,462 [ 227618]   WARN - .skeletons.PySkeletonRefresher - spacy.pipeline.pipes 
2020-12-20 18:22:51,462 [ 227618]   WARN - .skeletons.PySkeletonRefresher - spacy.strings 
2020-12-20 18:22:51,462 [ 227618]   WARN - .skeletons.PySkeletonRefresher - spacy.symbols 
2020-12-20 18:22:51,462 [ 227618]   WARN - .skeletons.PySkeletonRefresher - spacy.syntax._beam_utils 
2020-12-20 18:22:51,462 [ 227618]   WARN - .skeletons.PySkeletonRefresher - spacy.syntax._parser_model 
2020-12-20 18:22:51,462 [ 227618]   WARN - .skeletons.PySkeletonRefresher - spacy.syntax._state 
2020-12-20 18:22:51,462 [ 227618]   WARN - .skeletons.PySkeletonRefresher - spacy.syntax.arc_eager 
2020-12-20 18:22:51,462 [ 227618]   WARN - .skeletons.PySkeletonRefresher - spacy.syntax.ner 
2020-12-20 18:22:51,462 [ 227618]   WARN - .skeletons.PySkeletonRefresher - spacy.syntax.nn_parser 
2020-12-20 18:22:51,462 [ 227618]   WARN - .skeletons.PySkeletonRefresher - spacy.syntax.nonproj 
2020-12-20 18:22:51,462 [ 227618]   WARN - .skeletons.PySkeletonRefresher - spacy.syntax.stateclass 
2020-12-20 18:22:51,462 [ 227618]   WARN - .skeletons.PySkeletonRefresher - spacy.syntax.transition_system 
2020-12-20 18:22:51,462 [ 227618]   WARN - .skeletons.PySkeletonRefresher - spacy.tokenizer 
2020-12-20 18:22:51,462 [ 227618]   WARN - .skeletons.PySkeletonRefresher - spacy.tokens._retokenize 
2020-12-20 18:22:51,462 [ 227618]   WARN - .skeletons.PySkeletonRefresher - spacy.tokens.doc 
2020-12-20 18:22:51,462 [ 227618]   WARN - .skeletons.PySkeletonRefresher - spacy.tokens.span 
2020-12-20 18:22:51,462 [ 227618]   WARN - .skeletons.PySkeletonRefresher - spacy.tokens.token 
2020-12-20 18:22:51,462 [ 227618]   WARN - .skeletons.PySkeletonRefresher - spacy.vectors 
2020-12-20 18:22:51,462 [ 227618]   WARN - .skeletons.PySkeletonRefresher - spacy.vocab 
2020-12-20 18:22:51,462 [ 227618]   WARN - .skeletons.PySkeletonRefresher - torch._C 
2020-12-20 18:22:51,462 [ 227618]   WARN - .skeletons.PySkeletonRefresher - torch._dl 
2020-12-20 18:22:51,462 [ 227618]   WARN - .skeletons.PySkeletonRefresher - torch.lib.libc10 
2020-12-20 18:22:51,462 [ 227618]   WARN - .skeletons.PySkeletonRefresher - torch.lib.libc10_cuda 
2020-12-20 18:22:51,462 [ 227618]   WARN - .skeletons.PySkeletonRefresher - torch.lib.libcaffe2_detectron_ops_gpu 
2020-12-20 18:22:51,462 [ 227618]   WARN - .skeletons.PySkeletonRefresher - torch.lib.libcaffe2_module_test_dynamic 
2020-12-20 18:22:51,462 [ 227618]   WARN - .skeletons.PySkeletonRefresher - torch.lib.libcaffe2_nvrtc 
2020-12-20 18:22:51,462 [ 227618]   WARN - .skeletons.PySkeletonRefresher - torch.lib.libcaffe2_observers 
2020-12-20 18:22:51,462 [ 227618]   WARN - .skeletons.PySkeletonRefresher - torch.lib.libshm 
2020-12-20 18:22:51,462 [ 227618]   WARN - .skeletons.PySkeletonRefresher - torch.lib.libtorch 
2020-12-20 18:22:51,462 [ 227618]   WARN - .skeletons.PySkeletonRefresher - torch.lib.libtorch_cpu 
2020-12-20 18:22:51,462 [ 227618]   WARN - .skeletons.PySkeletonRefresher - torch.lib.libtorch_cuda 
2020-12-20 18:22:51,462 [ 227618]   WARN - .skeletons.PySkeletonRefresher - torch.lib.libtorch_global_deps 
2020-12-20 18:22:51,462 [ 227618]   WARN - .skeletons.PySkeletonRefresher - torch.lib.libtorch_python 
2020-12-20 18:22:51,462 [ 227618]   WARN - .skeletons.PySkeletonRefresher - torchvision._C 
2020-12-20 18:22:51,462 [ 227618]   WARN - .skeletons.PySkeletonRefresher - torchvision._C_tests 
2020-12-20 18:22:56,153 [ 232309]   WARN - .skeletons.PySkeletonRefresher - Some skeletons failed to generate 
2020-12-20 18:22:56,153 [ 232309]   WARN - .skeletons.PySkeletonRefresher - caffe2.python.caffe2_pybind11_state 
2020-12-20 18:22:56,153 [ 232309]   WARN - .skeletons.PySkeletonRefresher - caffe2.python.caffe2_pybind11_state_gpu 
2020-12-20 18:22:56,153 [ 232309]   WARN - .skeletons.PySkeletonRefresher - scipy.optimize._lsap_ 
2020-12-20 18:22:56,153 [ 232309]   WARN - .skeletons.PySkeletonRefresher - torch.lib.libc10 
2020-12-20 18:22:56,153 [ 232309]   WARN - .skeletons.PySkeletonRefresher - torch.lib.libc10_cuda 
2020-12-20 18:22:56,153 [ 232309]   WARN - .skeletons.PySkeletonRefresher - torch.lib.libcaffe2_detectron_ops_gpu 
2020-12-20 18:22:56,153 [ 232309]   WARN - .skeletons.PySkeletonRefresher - torch.lib.libcaffe2_module_test_dynamic 
2020-12-20 18:22:56,153 [ 232309]   WARN - .skeletons.PySkeletonRefresher - torch.lib.libcaffe2_nvrtc 
2020-12-20 18:22:56,153 [ 232309]   WARN - .skeletons.PySkeletonRefresher - torch.lib.libcaffe2_observers 
2020-12-20 18:22:56,153 [ 232309]   WARN - .skeletons.PySkeletonRefresher - torch.lib.libshm 
2020-12-20 18:22:56,153 [ 232309]   WARN - .skeletons.PySkeletonRefresher - torch.lib.libtorch 
2020-12-20 18:22:56,153 [ 232309]   WARN - .skeletons.PySkeletonRefresher - torch.lib.libtorch_cpu 
2020-12-20 18:22:56,153 [ 232309]   WARN - .skeletons.PySkeletonRefresher - torch.lib.libtorch_cuda 
2020-12-20 18:22:56,153 [ 232309]   WARN - .skeletons.PySkeletonRefresher - torch.lib.libtorch_global_deps 
2020-12-20 18:22:56,153 [ 232309]   WARN - .skeletons.PySkeletonRefresher - torch.lib.libtorch_python 
2020-12-20 18:22:56,153 [ 232309]   WARN - .skeletons.PySkeletonRefresher - torchvision._C 
2020-12-20 18:22:56,153 [ 232309]   WARN - .skeletons.PySkeletonRefresher - torchvision._C_tests 
2020-12-20 18:39:30,295 [1226451]   WARN - com.intellij.ide.IdeEventQueue - Too many mouse clicks (11)!!! 
2020-12-20 18:39:41,410 [1237566]   WARN - .skeletons.PySkeletonRefresher - Some skeletons failed to generate 
2020-12-20 18:39:41,410 [1237566]   WARN - .skeletons.PySkeletonRefresher - caffe2.python.caffe2_pybind11_state 
2020-12-20 18:39:41,410 [1237566]   WARN - .skeletons.PySkeletonRefresher - caffe2.python.caffe2_pybind11_state_gpu 
2020-12-20 18:39:41,410 [1237566]   WARN - .skeletons.PySkeletonRefresher - torch._C 
2020-12-20 18:39:41,410 [1237566]   WARN - .skeletons.PySkeletonRefresher - torch._dl 
2020-12-20 18:39:41,410 [1237566]   WARN - .skeletons.PySkeletonRefresher - torch.lib.libc10 
2020-12-20 18:39:41,410 [1237566]   WARN - .skeletons.PySkeletonRefresher - torch.lib.libc10_cuda 
2020-12-20 18:39:41,410 [1237566]   WARN - .skeletons.PySkeletonRefresher - torch.lib.libcaffe2_detectron_ops_gpu 
2020-12-20 18:39:41,410 [1237566]   WARN - .skeletons.PySkeletonRefresher - torch.lib.libcaffe2_module_test_dynamic 
2020-12-20 18:39:41,410 [1237566]   WARN - .skeletons.PySkeletonRefresher - torch.lib.libcaffe2_nvrtc 
2020-12-20 18:39:41,410 [1237566]   WARN - .skeletons.PySkeletonRefresher - torch.lib.libcaffe2_observers 
2020-12-20 18:39:41,410 [1237566]   WARN - .skeletons.PySkeletonRefresher - torch.lib.libshm 
2020-12-20 18:39:41,410 [1237566]   WARN - .skeletons.PySkeletonRefresher - torch.lib.libtorch 
2020-12-20 18:39:41,410 [1237566]   WARN - .skeletons.PySkeletonRefresher - torch.lib.libtorch_python 
2020-12-20 18:39:41,410 [1237566]   WARN - .skeletons.PySkeletonRefresher - torchvision._C 
2020-12-20 18:39:41,411 [1237567]   WARN - .skeletons.PySkeletonRefresher - torchvision._C_tests 
2020-12-20 18:40:46,665 [1302821]   WARN - PyStructuredDocstringFormatter - Python SDK for docstring formatter EPYTEXT is not found 
2020-12-20 18:40:50,786 [1306942]   WARN - PyStructuredDocstringFormatter - Python SDK for docstring formatter EPYTEXT is not found 
2020-12-20 18:40:51,601 [1307757]   WARN - PyStructuredDocstringFormatter - Python SDK for docstring formatter EPYTEXT is not found 
2020-12-20 18:40:52,338 [1308494]   WARN - PyStructuredDocstringFormatter - Python SDK for docstring formatter EPYTEXT is not found 
2020-12-20 18:43:35,035 [1471191]   WARN - PyStructuredDocstringFormatter - Python SDK for docstring formatter EPYTEXT is not found 
2020-12-20 18:43:39,324 [1475480]   WARN - PyStructuredDocstringFormatter - Python SDK for docstring formatter EPYTEXT is not found 
2020-12-20 18:49:14,388 [1810544]   WARN - PyStructuredDocstringFormatter - Python SDK for docstring formatter EPYTEXT is not found 
2020-12-20 18:49:19,951 [1816107]   WARN - PyStructuredDocstringFormatter - Python SDK for docstring formatter EPYTEXT is not found 
2020-12-20 18:49:24,052 [1820208]   WARN - com.intellij.util.xmlb.Binding - no accessors for com.jetbrains.python.packaging.PyCondaPackageService 
2020-12-20 18:50:03,440 [1859596]   WARN - PyStructuredDocstringFormatter - Python SDK for docstring formatter EPYTEXT is not found 
2020-12-20 18:50:06,121 [1862277]   WARN - PyStructuredDocstringFormatter - Python SDK for docstring formatter EPYTEXT is not found 
2020-12-20 18:50:07,560 [1863716]   WARN - PyStructuredDocstringFormatter - Python SDK for docstring formatter EPYTEXT is not found 
2020-12-20 18:50:09,426 [1865582]   WARN - PyStructuredDocstringFormatter - Python SDK for docstring formatter EPYTEXT is not found 
2020-12-20 18:50:10,765 [1866921]   WARN - PyStructuredDocstringFormatter - Python SDK for docstring formatter EPYTEXT is not found 
2020-12-20 18:50:12,649 [1868805]   WARN - PyStructuredDocstringFormatter - Python SDK for docstring formatter EPYTEXT is not found 
2020-12-20 18:50:14,645 [1870801]   WARN - PyStructuredDocstringFormatter - Python SDK for docstring formatter EPYTEXT is not found 
2020-12-20 18:50:16,321 [1872477]   WARN - PyStructuredDocstringFormatter - Python SDK for docstring formatter EPYTEXT is not found 
2020-12-20 18:50:17,794 [1873950]   WARN - PyStructuredDocstringFormatter - Python SDK for docstring formatter EPYTEXT is not found 
2020-12-20 18:51:40,104 [1956260]   WARN - PyStructuredDocstringFormatter - Python SDK for docstring formatter EPYTEXT is not found 
2020-12-20 18:51:41,917 [1958073]   WARN - PyStructuredDocstringFormatter - Python SDK for docstring formatter EPYTEXT is not found 
2020-12-20 18:51:44,240 [1960396]   WARN - PyStructuredDocstringFormatter - Python SDK for docstring formatter EPYTEXT is not found 
2020-12-20 18:51:57,844 [1974000]   WARN - PyStructuredDocstringFormatter - Python SDK for docstring formatter EPYTEXT is not found 
2020-12-20 18:52:25,146 [2001302]   WARN - PyStructuredDocstringFormatter - Python SDK for docstring formatter EPYTEXT is not found 
2020-12-20 18:52:27,258 [2003414]   WARN - PyStructuredDocstringFormatter - Python SDK for docstring formatter EPYTEXT is not found 
2020-12-20 18:52:36,252 [2012408]   WARN - PyStructuredDocstringFormatter - Python SDK for docstring formatter EPYTEXT is not found 
2020-12-20 18:52:38,765 [2014921]   WARN - PyStructuredDocstringFormatter - Python SDK for docstring formatter EPYTEXT is not found 
2020-12-20 18:52:40,286 [2016442]   WARN - PyStructuredDocstringFormatter - Python SDK for docstring formatter EPYTEXT is not found 
2020-12-20 18:52:45,587 [2021743]   WARN - PyStructuredDocstringFormatter - Python SDK for docstring formatter EPYTEXT is not found 
2020-12-20 18:52:47,655 [2023811]   WARN - PyStructuredDocstringFormatter - Python SDK for docstring formatter EPYTEXT is not found 
2020-12-20 18:52:49,652 [2025808]   WARN - PyStructuredDocstringFormatter - Python SDK for docstring formatter EPYTEXT is not found 
2020-12-20 19:31:39,677 [4355833]   WARN - com.intellij.ide.IdeEventQueue - Too many mouse clicks (12)!!! 
2020-12-20 19:31:42,424 [4358580]   WARN - PyStructuredDocstringFormatter - Python SDK for docstring formatter EPYTEXT is not found 
2020-12-20 19:31:43,192 [4359348]   WARN - com.intellij.ide.IdeEventQueue - Too many mouse clicks (13)!!! 
2020-12-20 19:31:43,388 [4359544]   WARN - com.intellij.ide.IdeEventQueue - Too many mouse clicks (14)!!! 
2020-12-20 19:31:43,672 [4359828]   WARN - com.intellij.ide.IdeEventQueue - Too many mouse clicks (16)!!! 
2020-12-20 19:31:43,863 [4360019]   WARN - com.intellij.ide.IdeEventQueue - Too many mouse clicks (18)!!! 
2020-12-20 19:31:44,555 [4360711]   WARN - com.intellij.ide.IdeEventQueue - Too many mouse clicks (26)!!! 
2020-12-20 19:31:45,047 [4361203]   WARN - com.intellij.ide.IdeEventQueue - Too many mouse clicks (32)!!! 
2020-12-20 19:31:45,059 [4361215]   WARN - com.intellij.ide.IdeEventQueue - Too many mouse clicks (32)!!! 
2020-12-20 19:31:45,062 [4361218]   WARN - com.intellij.ide.IdeEventQueue - Too many mouse clicks (32)!!! 
2020-12-20 19:34:18,358 [4514514]   WARN - PyStructuredDocstringFormatter - Python SDK for docstring formatter EPYTEXT is not found 
2020-12-20 19:34:40,534 [4536690]   WARN - PyStructuredDocstringFormatter - Python SDK for docstring formatter EPYTEXT is not found 
2020-12-20 19:34:42,117 [4538273]   WARN - PyStructuredDocstringFormatter - Python SDK for docstring formatter EPYTEXT is not found 
2020-12-20 19:43:50,412 [5086568]   WARN - PyStructuredDocstringFormatter - Python SDK for docstring formatter EPYTEXT is not found 
2020-12-20 19:51:30,429 [5546585]   WARN - PyStructuredDocstringFormatter - Python SDK for docstring formatter EPYTEXT is not found 
2020-12-20 19:54:38,083 [5734239]   WARN - PyStructuredDocstringFormatter - Python SDK for docstring formatter EPYTEXT is not found 
2020-12-20 19:55:11,030 [5767186]   WARN - PyStructuredDocstringFormatter - Python SDK for docstring formatter EPYTEXT is not found 
2020-12-20 19:56:34,178 [5850334]   WARN - PyStructuredDocstringFormatter - Python SDK for docstring formatter EPYTEXT is not found 
2020-12-20 20:01:29,496 [6145652]   WARN - com.intellij.ide.IdeEventQueue - Too many mouse clicks (12)!!! 
2020-12-20 20:09:46,605 [6642761]   WARN - com.intellij.ide.IdeEventQueue - Too many mouse clicks (11)!!! 
2020-12-20 20:09:46,762 [6642918]   WARN - com.intellij.ide.IdeEventQueue - Too many mouse clicks (13)!!! 
2020-12-20 20:11:15,295 [6731451]   WARN - com.intellij.ide.IdeEventQueue - Too many mouse clicks (18)!!! 
2020-12-20 20:11:15,298 [6731454]   WARN - com.intellij.ide.IdeEventQueue - Too many mouse clicks (18)!!! 
2020-12-20 20:11:15,310 [6731466]   WARN - com.intellij.ide.IdeEventQueue - Too many mouse clicks (18)!!! 
2020-12-20 20:11:17,055 [6733211]   WARN - com.intellij.ide.IdeEventQueue - Too many mouse clicks (14)!!! 
2020-12-20 20:11:17,145 [6733301]   WARN - com.intellij.ide.IdeEventQueue - Too many mouse clicks (18)!!! 
2020-12-20 20:11:17,672 [6733828]   WARN - PyStructuredDocstringFormatter - Python SDK for docstring formatter EPYTEXT is not found 
OpenJDK 64-Bit Server VM warning: Option UseConcMarkSweepGC was deprecated in version 9.0 and will likely be removed in a future release.
2020-12-21 10:56:55,060 [    221]   WARN - llij.ide.plugins.PluginManager - Resource bundle redefinition for plugin 'com.jetbrains.pycharm.community.customization'. Old value: messages.ActionsBundle, new value: messages.PyBundle 
2020-12-21 10:57:08,630 [  13791]   WARN - nSystem.impl.ActionManagerImpl - keymap "Visual Studio" not found [Plugin: com.intellij] 
2020-12-21 10:57:08,632 [  13793]   WARN - nSystem.impl.ActionManagerImpl - keymap "Eclipse" not found [Plugin: com.intellij] 
2020-12-21 10:57:08,632 [  13793]   WARN - nSystem.impl.ActionManagerImpl - keymap "NetBeans 6.5" not found [Plugin: com.intellij] 
2020-12-21 10:57:08,632 [  13793]   WARN - nSystem.impl.ActionManagerImpl - keymap "Visual Studio" not found [Plugin: com.intellij] 
2020-12-21 10:57:08,780 [  13941]   WARN - nSystem.impl.ActionManagerImpl - keymap "Eclipse" not found [Plugin: org.jetbrains.plugins.github] 
2020-12-21 10:57:08,790 [  13951]   WARN - nSystem.impl.ActionManagerImpl - keymap "Eclipse" not found [Plugin: PythonCore] 
2020-12-21 10:57:08,791 [  13952]   WARN - nSystem.impl.ActionManagerImpl - keymap "NetBeans 6.5" not found [Plugin: PythonCore] 
2020-12-21 10:57:12,993 [  18154]   WARN - a.repo.GitUntrackedFilesHolder - Ignoring untracked file under another root: /home/inje/py38torch/Information_Retrieval/hw3/__pycache__/utils.cpython-35.pyc; root: file:///home/inje/py38torch; mapped root: null 
2020-12-21 10:57:13,007 [  18168]   WARN - a.repo.GitUntrackedFilesHolder - Ignoring untracked file under another root: /home/inje/py38torch/Information_Retrieval/hw3/__pycache__/model_embeddings.cpython-35.pyc; root: file:///home/inje/py38torch; mapped root: null 
2020-12-21 10:57:13,022 [  18183]   WARN - a.repo.GitUntrackedFilesHolder - Ignoring untracked file under another root: /home/inje/py38torch/Information_Retrieval/hw3/__pycache__/vocab.cpython-35.pyc; root: file:///home/inje/py38torch; mapped root: null 
2020-12-21 10:57:13,034 [  18195]   WARN - a.repo.GitUntrackedFilesHolder - Ignoring untracked file under another root: /home/inje/py38torch/Information_Retrieval/hw3/__pycache__/__init__.cpython-35.pyc; root: file:///home/inje/py38torch; mapped root: null 
2020-12-21 10:57:13,036 [  18197]   WARN - a.repo.GitUntrackedFilesHolder - Ignoring untracked file under another root: /home/inje/py38torch/Information_Retrieval/hw3/__pycache__/nmt_model.cpython-35.pyc; root: file:///home/inje/py38torch; mapped root: null 
2020-12-21 10:57:23,660 [  28821]   WARN - .skeletons.PySkeletonRefresher - Some skeletons failed to generate 
2020-12-21 10:57:23,660 [  28821]   WARN - .skeletons.PySkeletonRefresher - caffe2.python.caffe2_pybind11_state 
2020-12-21 10:57:23,660 [  28821]   WARN - .skeletons.PySkeletonRefresher - caffe2.python.caffe2_pybind11_state_gpu 
2020-12-21 10:57:23,660 [  28821]   WARN - .skeletons.PySkeletonRefresher - torch.lib.libc10 
2020-12-21 10:57:23,660 [  28821]   WARN - .skeletons.PySkeletonRefresher - torch.lib.libc10_cuda 
2020-12-21 10:57:23,660 [  28821]   WARN - .skeletons.PySkeletonRefresher - torch.lib.libcaffe2_detectron_ops_gpu 
2020-12-21 10:57:23,660 [  28821]   WARN - .skeletons.PySkeletonRefresher - torch.lib.libcaffe2_module_test_dynamic 
2020-12-21 10:57:23,660 [  28821]   WARN - .skeletons.PySkeletonRefresher - torch.lib.libcaffe2_nvrtc 
2020-12-21 10:57:23,660 [  28821]   WARN - .skeletons.PySkeletonRefresher - torch.lib.libcaffe2_observers 
2020-12-21 10:57:23,660 [  28821]   WARN - .skeletons.PySkeletonRefresher - torch.lib.libshm 
2020-12-21 10:57:23,660 [  28821]   WARN - .skeletons.PySkeletonRefresher - torch.lib.libtorch 
2020-12-21 10:57:23,660 [  28821]   WARN - .skeletons.PySkeletonRefresher - torch.lib.libtorch_python 
2020-12-21 10:58:33,362 [  98523]   WARN - a.repo.GitUntrackedFilesHolder - Ignoring untracked file under another root: /home/inje/py38torch/Information_Retrieval/hw3/__pycache__/utils.cpython-35.pyc; root: file:///home/inje/py38torch; mapped root: null 
2020-12-21 10:58:33,365 [  98526]   WARN - a.repo.GitUntrackedFilesHolder - Ignoring untracked file under another root: /home/inje/py38torch/Information_Retrieval/hw3/__pycache__/model_embeddings.cpython-35.pyc; root: file:///home/inje/py38torch; mapped root: null 
2020-12-21 10:58:33,368 [  98529]   WARN - a.repo.GitUntrackedFilesHolder - Ignoring untracked file under another root: /home/inje/py38torch/Information_Retrieval/hw3/__pycache__/vocab.cpython-35.pyc; root: file:///home/inje/py38torch; mapped root: null 
2020-12-21 10:58:33,372 [  98533]   WARN - a.repo.GitUntrackedFilesHolder - Ignoring untracked file under another root: /home/inje/py38torch/Information_Retrieval/hw3/__pycache__/__init__.cpython-35.pyc; root: file:///home/inje/py38torch; mapped root: null 
2020-12-21 10:58:33,373 [  98534]   WARN - a.repo.GitUntrackedFilesHolder - Ignoring untracked file under another root: /home/inje/py38torch/Information_Retrieval/hw3/__pycache__/nmt_model.cpython-35.pyc; root: file:///home/inje/py38torch; mapped root: null 
2020-12-21 10:58:42,125 [ 107286]   WARN - .skeletons.PySkeletonRefresher - Some skeletons failed to generate 
2020-12-21 10:58:42,125 [ 107286]   WARN - .skeletons.PySkeletonRefresher - scipy.optimize._lsap_ 
2020-12-21 10:58:42,125 [ 107286]   WARN - .skeletons.PySkeletonRefresher - tensorflow.compiler.tf2xla.ops._xla_ops 
2020-12-21 10:58:42,125 [ 107286]   WARN - .skeletons.PySkeletonRefresher - tensorflow.core.kernels.libtfkernel_sobol_op 
2020-12-21 10:58:42,125 [ 107286]   WARN - .skeletons.PySkeletonRefresher - tensorflow.lite.experimental.microfrontend.python.ops._audio_microfrontend_op 
2020-12-21 10:58:42,125 [ 107286]   WARN - .skeletons.PySkeletonRefresher - tensorflow.lite.python.optimize._tensorflow_lite_wrap_calibration_wrapper 
2020-12-21 10:58:42,125 [ 107286]   WARN - .skeletons.PySkeletonRefresher - torch.lib.libc10 
2020-12-21 10:58:42,125 [ 107286]   WARN - .skeletons.PySkeletonRefresher - torch.lib.libc10_cuda 
2020-12-21 10:58:42,125 [ 107286]   WARN - .skeletons.PySkeletonRefresher - torch.lib.libcaffe2_detectron_ops_gpu 
2020-12-21 10:58:42,125 [ 107286]   WARN - .skeletons.PySkeletonRefresher - torch.lib.libcaffe2_module_test_dynamic 
2020-12-21 10:58:42,125 [ 107286]   WARN - .skeletons.PySkeletonRefresher - torch.lib.libcaffe2_nvrtc 
2020-12-21 10:58:42,125 [ 107286]   WARN - .skeletons.PySkeletonRefresher - torch.lib.libcaffe2_observers 
2020-12-21 10:58:42,125 [ 107286]   WARN - .skeletons.PySkeletonRefresher - torch.lib.libshm 
2020-12-21 10:58:42,125 [ 107286]   WARN - .skeletons.PySkeletonRefresher - torch.lib.libtorch 
2020-12-21 10:58:42,125 [ 107286]   WARN - .skeletons.PySkeletonRefresher - torch.lib.libtorch_cpu 
2020-12-21 10:58:42,125 [ 107286]   WARN - .skeletons.PySkeletonRefresher - torch.lib.libtorch_cuda 
2020-12-21 10:58:42,125 [ 107286]   WARN - .skeletons.PySkeletonRefresher - torch.lib.libtorch_global_deps 
2020-12-21 10:58:42,125 [ 107286]   WARN - .skeletons.PySkeletonRefresher - torch.lib.libtorch_python 
2020-12-21 10:58:42,125 [ 107286]   WARN - .skeletons.PySkeletonRefresher - torchvision._C 
2020-12-21 10:58:42,125 [ 107286]   WARN - .skeletons.PySkeletonRefresher - torchvision.image 
2020-12-21 10:58:42,125 [ 107286]   WARN - .skeletons.PySkeletonRefresher - xgboost.lib.libxgboost 
2020-12-21 11:00:11,387 [ 196548]   WARN - com.intellij.ide.IdeEventQueue - Too many mouse clicks (13)!!! 
2020-12-21 11:05:32,332 [ 517493]   WARN - com.intellij.ide.IdeEventQueue - Too many mouse clicks (14)!!! 
2020-12-21 11:08:57,923 [ 723084]   WARN - com.intellij.ide.IdeEventQueue - Too many mouse clicks (16)!!! 
2020-12-21 11:08:58,734 [ 723895]   WARN - com.intellij.ide.IdeEventQueue - Too many mouse clicks (11)!!! 
2020-12-21 11:14:27,721 [1052882]   WARN - com.intellij.ide.IdeEventQueue - Too many mouse clicks (11)!!! 
2020-12-21 11:14:28,084 [1053245]   WARN - com.intellij.ide.IdeEventQueue - Too many mouse clicks (12)!!! 
2020-12-21 11:14:28,092 [1053253]   WARN - com.intellij.ide.IdeEventQueue - Too many mouse clicks (12)!!! 
2020-12-21 11:14:28,100 [1053261]   WARN - com.intellij.ide.IdeEventQueue - Too many mouse clicks (12)!!! 
2020-12-21 11:14:29,525 [1054686]   WARN - com.intellij.ide.IdeEventQueue - Too many mouse clicks (13)!!! 
2020-12-21 11:14:30,127 [1055288]   WARN - com.intellij.ide.IdeEventQueue - Too many mouse clicks (17)!!! 
2020-12-21 11:14:30,554 [1055715]   WARN - com.intellij.ide.IdeEventQueue - Too many mouse clicks (17)!!! 
2020-12-21 11:16:28,554 [1173715]   WARN - com.intellij.ide.IdeEventQueue - Too many mouse clicks (22)!!! 
2020-12-21 11:16:28,581 [1173742]   WARN - com.intellij.ide.IdeEventQueue - Too many mouse clicks (22)!!! 
2020-12-21 11:16:28,581 [1173742]   WARN - com.intellij.ide.IdeEventQueue - Too many mouse clicks (23)!!! 
2020-12-21 11:16:29,252 [1174413]   WARN - com.intellij.ide.IdeEventQueue - Too many mouse clicks (34)!!! 
2020-12-21 11:18:42,849 [1308010]   WARN - com.intellij.ide.IdeEventQueue - Too many mouse clicks (12)!!! 
2020-12-21 11:18:42,879 [1308040]   WARN - com.intellij.ide.IdeEventQueue - Too many mouse clicks (13)!!! 
2020-12-21 11:18:59,909 [1325070]   WARN - com.intellij.ide.IdeEventQueue - Too many mouse clicks (12)!!! 
2020-12-21 11:20:25,427 [1410588]   WARN - com.intellij.ide.IdeEventQueue - Too many mouse clicks (12)!!! 
2020-12-21 11:20:25,430 [1410591]   WARN - com.intellij.ide.IdeEventQueue - Too many mouse clicks (12)!!! 
2020-12-21 11:20:25,435 [1410596]   WARN - com.intellij.ide.IdeEventQueue - Too many mouse clicks (12)!!! 
2020-12-21 11:21:06,701 [1451862]   WARN - com.intellij.ide.IdeEventQueue - Too many mouse clicks (11)!!! 
2020-12-21 11:27:17,519 [1822680]   WARN - .diagnostic.PerformanceWatcher - UI was frozen for 5262ms, details saved to /home/inje/.cache/JetBrains/PyCharmCE2020.3/log/threadDumps-freeze-20201221-112717-PC-203.5981.165-Unsafe.park-5sec 
2020-12-21 11:30:21,532 [2006693]   WARN - .diagnostic.PerformanceWatcher - UI was frozen for 181752ms, details saved to /home/inje/.cache/JetBrains/PyCharmCE2020.3/log/threadDumps-freeze-20201221-112724-PC-203.5981.165-JComponent.paint-181sec 
2020-12-21 11:54:02,414 [3427575]   WARN - com.intellij.ide.IdeEventQueue - Too many mouse clicks (12)!!! 
2020-12-21 11:54:02,451 [3427612]   WARN - com.intellij.ide.IdeEventQueue - Too many mouse clicks (12)!!! 
2020-12-21 11:54:02,562 [3427723]   WARN - com.intellij.ide.IdeEventQueue - Too many mouse clicks (12)!!! 
2020-12-21 11:54:02,599 [3427760]   WARN - com.intellij.ide.IdeEventQueue - Too many mouse clicks (12)!!! 
2020-12-21 11:54:02,741 [3427902]   WARN - com.intellij.ide.IdeEventQueue - Too many mouse clicks (18)!!! 
2020-12-21 11:54:02,777 [3427938]   WARN - com.intellij.ide.IdeEventQueue - Too many mouse clicks (19)!!! 
2020-12-21 12:00:55,017 [3840178]   WARN - com.intellij.ide.IdeEventQueue - Too many mouse clicks (30)!!! 
2020-12-21 12:08:32,347 [4297508]   WARN - .diagnostic.PerformanceWatcher - UI was frozen for 14422ms, details saved to /home/inje/.cache/JetBrains/PyCharmCE2020.3/log/threadDumps-freeze-20201221-120822-PC-203.5981.165-XDropTargetRegistry.registerDropSite-14sec 
2020-12-21 12:08:37,643 [4302804]   WARN - .diagnostic.PerformanceWatcher - UI was frozen for 5294ms, details saved to /home/inje/.cache/JetBrains/PyCharmCE2020.3/log/threadDumps-freeze-20201221-120837-PC-203.5981.165-Unsafe.park-5sec 
2020-12-21 12:08:46,042 [4311203]   WARN - .diagnostic.PerformanceWatcher - UI was frozen for 8397ms, details saved to /home/inje/.cache/JetBrains/PyCharmCE2020.3/log/threadDumps-freeze-20201221-120842-PC-203.5981.165-Unsafe.park-8sec 
2020-12-21 12:10:48,012 [4433173]   WARN - .diagnostic.PerformanceWatcher - UI was frozen for 121931ms, details saved to /home/inje/.cache/JetBrains/PyCharmCE2020.3/log/threadDumps-freeze-20201221-120851-PC-203.5981.165-JComponent.paintChildren-121sec 
2020-12-21 12:11:26,925 [4472086]   WARN - .diagnostic.PerformanceWatcher - UI was frozen for 38902ms, details saved to /home/inje/.cache/JetBrains/PyCharmCE2020.3/log/threadDumps-freeze-20201221-121053-PC-203.5981.165-JComponent.paint-38sec 
#
# A fatal error has been detected by the Java Runtime Environment:
#
#  SIGSEGV (0xb) at pc=0x00007fbe7556a371, pid=6800, tid=20267
#
# JRE version: OpenJDK Runtime Environment JBR-11.0.9.11-1145.21-jcef (11.0.9+11) (build 11.0.9+11-b1145.21)
# Java VM: OpenJDK 64-Bit Server VM JBR-11.0.9.11-1145.21-jcef (11.0.9+11-b1145.21, mixed mode, tiered, compressed oops, concurrent mark sweep gc, linux-amd64)
# Problematic frame:
# C  [libjimage.so+0x4371]OpenJDK 64-Bit Server VM warning: Option UseConcMarkSweepGC was deprecated in version 9.0 and will likely be removed in a future release.
2021-02-18 14:19:25,319 [    324]   WARN - llij.ide.plugins.PluginManager - Resource bundle redefinition for plugin 'com.jetbrains.pycharm.community.customization'. Old value: messages.ActionsBundle, new value: messages.PyBundle 
2021-02-18 14:19:25,516 [    521]   WARN - ntellij.ui.svg.SvgCacheManager - Icon Cache will be recreated or previous version of data reused (db=/home/inje/.cache/JetBrains/PyCharmCE2020.3/icons-v2.db) 
org.jetbrains.mvstore.MVStoreException: File corrupt reading chunk at position 110592
	at org.jetbrains.mvstore.Chunk.readChunkHeader(Chunk.java:234)
	at org.jetbrains.mvstore.MVStore.readChunkHeader(MVStore.java:2006)
	at org.jetbrains.mvstore.MVStore.readChunkHeaderAndFooter(MVStore.java:1174)
	at org.jetbrains.mvstore.MVStore.readStoreHeader(MVStore.java:905)
	at org.jetbrains.mvstore.MVStore.<init>(MVStore.java:450)
	at org.jetbrains.mvstore.MVStore$Builder.openOrNewOnIoError(MVStore.java:3996)
	at com.intellij.ui.svg.SvgCacheManager.<init>(SvgCacheManager.java:59)
	at com.intellij.util.SVGLoader.<clinit>(SVGLoader.java:86)
	at com.intellij.util.ImageLoader.loadByDescriptor(ImageLoader.java:252)
	at com.intellij.util.ImageLoader.load(ImageLoader.java:224)
	at com.intellij.openapi.util.IconLoader$ResolvedImageDataResolver.loadImage(IconLoader.java:1150)
	at com.intellij.openapi.util.IconLoader$CachedImageIcon.loadImage(IconLoader.java:1017)
	at com.intellij.openapi.util.IconLoader$ScaledIconCache.getOrScaleIcon(IconLoader.java:1087)
	at com.intellij.openapi.util.IconLoader$CachedImageIcon.scale(IconLoader.java:932)
	at com.intellij.util.IconUtil.scale(IconUtil.java:522)
	at com.intellij.ui.AppUIUtil.scaleIconToSize(AppUIUtil.java:179)
	at com.intellij.ui.AppUIUtil.loadApplicationIcon(AppUIUtil.java:171)
	at com.intellij.ui.AppUIUtil.loadApplicationIconImage(AppUIUtil.java:150)
	at com.intellij.ui.AppUIUtil.updateWindowIcon(AppUIUtil.java:76)
	at com.intellij.idea.StartupUtil.updateFrameClassAndWindowIcon(StartupUtil.java:410)
	at java.base/java.util.concurrent.CompletableFuture$UniRun.tryFire(CompletableFuture.java:783)
	at java.base/java.util.concurrent.CompletableFuture$Completion.run(CompletableFuture.java:478)
	at java.base/java.util.concurrent.ThreadPoolExecutor.runWorker(ThreadPoolExecutor.java:1128)
	at java.base/java.util.concurrent.ThreadPoolExecutor$Worker.run(ThreadPoolExecutor.java:628)
	at java.base/java.util.concurrent.Executors$PrivilegedThreadFactory$1$1.run(Executors.java:668)
	at java.base/java.util.concurrent.Executors$PrivilegedThreadFactory$1$1.run(Executors.java:665)
	at java.base/java.security.AccessController.doPrivileged(Native Method)
	at java.base/java.util.concurrent.Executors$PrivilegedThreadFactory$1.run(Executors.java:665)
	at java.base/java.lang.Thread.run(Thread.java:834)
Caused by: org.jetbrains.mvstore.MVStoreException: Invalid chunk id -322661835
	at org.jetbrains.mvstore.Chunk.<init>(Chunk.java:175)
	at org.jetbrains.mvstore.Chunk.readChunkHeader(Chunk.java:231)
	... 28 more
2021-02-18 14:19:26,169 [   1174]   WARN - nSystem.impl.ActionManagerImpl - keymap "Visual Studio" not found [Plugin: com.intellij] 
2021-02-18 14:19:26,171 [   1176]   WARN - nSystem.impl.ActionManagerImpl - keymap "Eclipse" not found [Plugin: com.intellij] 
2021-02-18 14:19:26,171 [   1176]   WARN - nSystem.impl.ActionManagerImpl - keymap "NetBeans 6.5" not found [Plugin: com.intellij] 
2021-02-18 14:19:26,171 [   1176]   WARN - nSystem.impl.ActionManagerImpl - keymap "Visual Studio" not found [Plugin: com.intellij] 
2021-02-18 14:19:26,400 [   1405]   WARN - nSystem.impl.ActionManagerImpl - keymap "Eclipse" not found [Plugin: org.jetbrains.plugins.github] 
2021-02-18 14:19:26,410 [   1415]   WARN - nSystem.impl.ActionManagerImpl - keymap "Eclipse" not found [Plugin: PythonCore] 
2021-02-18 14:19:26,410 [   1415]   WARN - nSystem.impl.ActionManagerImpl - keymap "NetBeans 6.5" not found [Plugin: PythonCore] 
2021-02-18 14:19:28,890 [   3895]   WARN - a.repo.GitUntrackedFilesHolder - Ignoring untracked file under another root: /home/inje/py38torch/Information_Retrieval/hw3/__pycache__/utils.cpython-35.pyc; root: file:///home/inje/py38torch; mapped root: null 
2021-02-18 14:19:28,902 [   3907]   WARN - a.repo.GitUntrackedFilesHolder - Ignoring untracked file under another root: /home/inje/py38torch/Information_Retrieval/hw3/__pycache__/model_embeddings.cpython-35.pyc; root: file:///home/inje/py38torch; mapped root: null 
2021-02-18 14:19:28,910 [   3915]   WARN - a.repo.GitUntrackedFilesHolder - Ignoring untracked file under another root: /home/inje/py38torch/Information_Retrieval/hw3/__pycache__/vocab.cpython-35.pyc; root: file:///home/inje/py38torch; mapped root: null 
2021-02-18 14:19:28,924 [   3929]   WARN - a.repo.GitUntrackedFilesHolder - Ignoring untracked file under another root: /home/inje/py38torch/Information_Retrieval/hw3/__pycache__/__init__.cpython-35.pyc; root: file:///home/inje/py38torch; mapped root: null 
2021-02-18 14:19:28,926 [   3931]   WARN - a.repo.GitUntrackedFilesHolder - Ignoring untracked file under another root: /home/inje/py38torch/Information_Retrieval/hw3/__pycache__/nmt_model.cpython-35.pyc; root: file:///home/inje/py38torch; mapped root: null 
2021-02-18 14:19:37,615 [  12620]   WARN - .skeletons.PySkeletonRefresher - Some skeletons failed to generate 
2021-02-18 14:19:37,615 [  12620]   WARN - .skeletons.PySkeletonRefresher - scipy.optimize._lsap_ 
2021-02-18 14:19:37,615 [  12620]   WARN - .skeletons.PySkeletonRefresher - tensorflow.compiler.tf2xla.ops._xla_ops 
2021-02-18 14:19:37,615 [  12620]   WARN - .skeletons.PySkeletonRefresher - tensorflow.core.kernels.libtfkernel_sobol_op 
2021-02-18 14:19:37,615 [  12620]   WARN - .skeletons.PySkeletonRefresher - tensorflow.lite.experimental.microfrontend.python.ops._audio_microfrontend_op 
2021-02-18 14:19:37,615 [  12620]   WARN - .skeletons.PySkeletonRefresher - tensorflow.lite.python.optimize._tensorflow_lite_wrap_calibration_wrapper 
2021-02-18 14:19:37,615 [  12620]   WARN - .skeletons.PySkeletonRefresher - torch.lib.libc10 
2021-02-18 14:19:37,615 [  12620]   WARN - .skeletons.PySkeletonRefresher - torch.lib.libc10_cuda 
2021-02-18 14:19:37,615 [  12620]   WARN - .skeletons.PySkeletonRefresher - torch.lib.libcaffe2_detectron_ops_gpu 
2021-02-18 14:19:37,615 [  12620]   WARN - .skeletons.PySkeletonRefresher - torch.lib.libcaffe2_module_test_dynamic 
2021-02-18 14:19:37,615 [  12620]   WARN - .skeletons.PySkeletonRefresher - torch.lib.libcaffe2_nvrtc 
2021-02-18 14:19:37,615 [  12620]   WARN - .skeletons.PySkeletonRefresher - torch.lib.libcaffe2_observers 
2021-02-18 14:19:37,615 [  12620]   WARN - .skeletons.PySkeletonRefresher - torch.lib.libshm 
2021-02-18 14:19:37,615 [  12620]   WARN - .skeletons.PySkeletonRefresher - torch.lib.libtorch 
2021-02-18 14:19:37,615 [  12620]   WARN - .skeletons.PySkeletonRefresher - torch.lib.libtorch_cpu 
2021-02-18 14:19:37,615 [  12620]   WARN - .skeletons.PySkeletonRefresher - torch.lib.libtorch_cuda 
2021-02-18 14:19:37,615 [  12620]   WARN - .skeletons.PySkeletonRefresher - torch.lib.libtorch_global_deps 
2021-02-18 14:19:37,615 [  12620]   WARN - .skeletons.PySkeletonRefresher - torch.lib.libtorch_python 
2021-02-18 14:19:37,615 [  12620]   WARN - .skeletons.PySkeletonRefresher - torchvision._C 
2021-02-18 14:19:37,615 [  12620]   WARN - .skeletons.PySkeletonRefresher - torchvision.image 
2021-02-18 14:19:37,615 [  12620]   WARN - .skeletons.PySkeletonRefresher - xgboost.lib.libxgboost 
2021-02-18 14:20:14,607 [  49612]   WARN - com.intellij.ide.IdeEventQueue - Too many mouse clicks (14)!!! 
2021-02-18 14:20:15,435 [  50440]   WARN - com.intellij.ide.IdeEventQueue - Too many mouse clicks (26)!!! 
2021-02-18 14:20:15,446 [  50451]   WARN - com.intellij.ide.IdeEventQueue - Too many mouse clicks (26)!!! 
2021-02-18 14:20:16,248 [  51253]   WARN - com.intellij.ide.IdeEventQueue - Too many mouse clicks (48)!!! 
2021-02-18 14:20:16,251 [  51256]   WARN - com.intellij.ide.IdeEventQueue - Too many mouse clicks (48)!!! 
2021-02-18 14:24:32,431 [ 307436]   WARN - .openapi.actionSystem.AnAction - ShortcutSet of global AnActions should not be changed outside of KeymapManager.
This is likely not what you wanted to do. Consider setting shortcut in keymap defaults, inheriting from other action using `use-shortcut-of` or wrapping with EmptyAction.wrap(). 
java.lang.Throwable
	at com.intellij.openapi.actionSystem.AnAction.setShortcutSet(AnAction.java:335)
	at com.intellij.openapi.actionSystem.AnAction.registerCustomShortcutSet(AnAction.java:196)
	at com.intellij.openapi.actionSystem.AnAction.registerCustomShortcutSet(AnAction.java:188)
	at com.intellij.openapi.actionSystem.impl.ActionManagerImpl.registerAction(ActionManagerImpl.java:1277)
	at com.intellij.openapi.actionSystem.impl.ActionManagerImpl.registerAction(ActionManagerImpl.java:1258)
	at com.intellij.openapi.actionSystem.impl.ActionManagerImpl.replaceAction(ActionManagerImpl.java:1484)
	at com.intellij.openapi.actionSystem.impl.ActionManagerImpl.replaceAction(ActionManagerImpl.java:1462)
	at com.intellij.largeFilesEditor.PlatformActionsReplacer.replaceActionByProxy(PlatformActionsReplacer.java:75)
	at com.intellij.largeFilesEditor.PlatformActionsReplacer.disableActionForLfe(PlatformActionsReplacer.java:63)
	at com.intellij.largeFilesEditor.PlatformActionsReplacer.makeAdaptingOfPlatformActions(PlatformActionsReplacer.java:28)
	at com.intellij.largeFilesEditor.PlatformActionsReplacer.makeAdaptingOfPlatformActionsIfNeed(PlatformActionsReplacer.java:21)
	at com.intellij.largeFilesEditor.editor.LargeFileEditorImpl.<init>(LargeFileEditorImpl.java:82)
	at com.intellij.largeFilesEditor.editor.LargeFileEditorProvider.createEditor(LargeFileEditorProvider.java:38)
	at com.intellij.openapi.fileEditor.impl.FileEditorManagerImpl.openFileImpl4Edt(FileEditorManagerImpl.java:891)
	at com.intellij.openapi.fileEditor.impl.FileEditorManagerImpl.lambda$openFileImpl4$17(FileEditorManagerImpl.java:860)
	at com.intellij.openapi.fileEditor.impl.FileEditorManagerImpl.runBulkTabChange(FileEditorManagerImpl.java:1680)
	at com.intellij.openapi.fileEditor.impl.FileEditorManagerImpl.lambda$openFileImpl4$18(FileEditorManagerImpl.java:859)
	at com.intellij.openapi.application.impl.ApplicationImpl.invokeAndWait(ApplicationImpl.java:463)
	at com.intellij.openapi.application.impl.ApplicationImpl.invokeAndWait(ApplicationImpl.java:481)
	at com.intellij.openapi.fileEditor.impl.FileEditorManagerImpl.openFileImpl4(FileEditorManagerImpl.java:858)
	at com.intellij.openapi.fileEditor.impl.FileEditorManagerImpl.openFileImpl3(FileEditorManagerImpl.java:804)
	at com.intellij.openapi.fileEditor.impl.FileEditorManagerImpl.lambda$openFileImpl2$14(FileEditorManagerImpl.java:785)
	at com.intellij.openapi.command.impl.CoreCommandProcessor.executeCommand(CoreCommandProcessor.java:211)
	at com.intellij.openapi.command.impl.CoreCommandProcessor.executeCommand(CoreCommandProcessor.java:177)
	at com.intellij.openapi.command.impl.CoreCommandProcessor.executeCommand(CoreCommandProcessor.java:167)
	at com.intellij.openapi.command.impl.CoreCommandProcessor.executeCommand(CoreCommandProcessor.java:153)
	at com.intellij.openapi.fileEditor.impl.FileEditorManagerImpl.openFileImpl2(FileEditorManagerImpl.java:785)
	at com.intellij.openapi.fileEditor.impl.FileEditorManagerImpl.openFileWithProviders(FileEditorManagerImpl.java:678)
	at com.intellij.openapi.fileEditor.ex.FileEditorManagerEx.openFile(FileEditorManagerEx.java:131)
	at com.intellij.openapi.fileEditor.impl.FileEditorManagerImpl.lambda$openEditorImpl$21(FileEditorManagerImpl.java:1149)
	at com.intellij.openapi.command.impl.CoreCommandProcessor.executeCommand(CoreCommandProcessor.java:211)
	at com.intellij.openapi.command.impl.CoreCommandProcessor.executeCommand(CoreCommandProcessor.java:177)
	at com.intellij.openapi.command.impl.CoreCommandProcessor.executeCommand(CoreCommandProcessor.java:167)
	at com.intellij.openapi.command.impl.CoreCommandProcessor.executeCommand(CoreCommandProcessor.java:153)
	at com.intellij.openapi.fileEditor.impl.FileEditorManagerImpl.openEditorImpl(FileEditorManagerImpl.java:1147)
	at com.intellij.openapi.fileEditor.impl.FileEditorManagerImpl.openFileEditor(FileEditorManagerImpl.java:1124)
	at com.intellij.openapi.fileEditor.FileEditorManager.openEditor(FileEditorManager.java:217)
	at com.intellij.openapi.fileEditor.FileNavigatorImpl.navigateInAnyFileEditor(FileNavigatorImpl.java:84)
	at com.intellij.openapi.fileEditor.FileNavigatorImpl.navigateInEditor(FileNavigatorImpl.java:65)
	at com.intellij.openapi.fileEditor.FileNavigatorImpl.navigateInEditorOrNativeApp(FileNavigatorImpl.java:50)
	at com.intellij.openapi.fileEditor.FileNavigatorImpl.navigate(FileNavigatorImpl.java:33)
	at com.intellij.openapi.fileEditor.OpenFileDescriptor.navigate(OpenFileDescriptor.java:90)
	at com.intellij.psi.impl.source.PsiFileImpl.navigate(PsiFileImpl.java:915)
	at com.intellij.codeInsight.navigation.NavigationUtil.lambda$openFileWithPsiElement$2(NavigationUtil.java:178)
	at com.intellij.openapi.command.impl.CoreCommandProcessor.executeCommand(CoreCommandProcessor.java:220)
	at com.intellij.openapi.command.impl.CoreCommandProcessor.executeCommand(CoreCommandProcessor.java:177)
	at com.intellij.openapi.command.impl.CoreCommandProcessor.executeCommand(CoreCommandProcessor.java:167)
	at com.intellij.openapi.command.impl.CoreCommandProcessor.executeCommand(CoreCommandProcessor.java:153)
	at com.intellij.codeInsight.navigation.NavigationUtil.openFileWithPsiElement(NavigationUtil.java:171)
	at com.intellij.ide.projectView.impl.nodes.AbstractPsiBasedNode.navigate(AbstractPsiBasedNode.java:235)
	at com.intellij.ide.projectView.impl.nodes.AbstractPsiBasedNode.navigate(AbstractPsiBasedNode.java:245)
	at com.intellij.ide.projectView.impl.nodes.PsiFileNode.navigate(PsiFileNode.java:116)
	at com.intellij.util.OpenSourceUtil.navigateToSource(OpenSourceUtil.java:119)
	at com.intellij.util.OpenSourceUtil.navigate(OpenSourceUtil.java:74)
	at com.intellij.util.OpenSourceUtil.navigate(OpenSourceUtil.java:58)
	at com.intellij.util.OpenSourceUtil.navigate(OpenSourceUtil.java:51)
	at com.intellij.util.OpenSourceUtil.openSourcesFrom(OpenSourceUtil.java:19)
	at com.intellij.util.EditSourceOnDoubleClickHandler$TreeMouseListener.processDoubleClick(EditSourceOnDoubleClickHandler.java:166)
	at com.intellij.util.EditSourceOnDoubleClickHandler$TreeMouseListener.onDoubleClick(EditSourceOnDoubleClickHandler.java:160)
	at com.intellij.ui.DoubleClickListener.onClick(DoubleClickListener.java:30)
	at com.intellij.ui.ClickListener$1.mouseReleased(ClickListener.java:59)
	at java.desktop/java.awt.AWTEventMulticaster.mouseReleased(AWTEventMulticaster.java:298)
	at java.desktop/java.awt.AWTEventMulticaster.mouseReleased(AWTEventMulticaster.java:297)
	at java.desktop/java.awt.AWTEventMulticaster.mouseReleased(AWTEventMulticaster.java:297)
	at java.desktop/java.awt.AWTEventMulticaster.mouseReleased(AWTEventMulticaster.java:297)
	at java.desktop/java.awt.AWTEventMulticaster.mouseReleased(AWTEventMulticaster.java:297)
	at java.desktop/java.awt.Component.processMouseEvent(Component.java:6652)
	at java.desktop/javax.swing.JComponent.processMouseEvent(JComponent.java:3345)
	at com.intellij.ui.treeStructure.Tree.processMouseEvent(Tree.java:385)
	at com.intellij.ide.dnd.aware.DnDAwareTree.processMouseEvent(DnDAwareTree.java:45)
	at java.desktop/java.awt.Component.processEvent(Component.java:6417)
	at java.desktop/java.awt.Container.processEvent(Container.java:2263)
	at java.desktop/java.awt.Component.dispatchEventImpl(Component.java:5027)
	at java.desktop/java.awt.Container.dispatchEventImpl(Container.java:2321)
	at java.desktop/java.awt.Component.dispatchEvent(Component.java:4859)
	at java.desktop/java.awt.LightweightDispatcher.retargetMouseEvent(Container.java:4918)
	at java.desktop/java.awt.LightweightDispatcher.processMouseEvent(Container.java:4547)
	at java.desktop/java.awt.LightweightDispatcher.dispatchEvent(Container.java:4488)
	at java.desktop/java.awt.Container.dispatchEventImpl(Container.java:2307)
	at java.desktop/java.awt.Window.dispatchEventImpl(Window.java:2780)
	at java.desktop/java.awt.Component.dispatchEvent(Component.java:4859)
	at java.desktop/java.awt.EventQueue.dispatchEventImpl(EventQueue.java:778)
	at java.desktop/java.awt.EventQueue$4.run(EventQueue.java:727)
	at java.desktop/java.awt.EventQueue$4.run(EventQueue.java:721)
	at java.base/java.security.AccessController.doPrivileged(Native Method)
	at java.base/java.security.ProtectionDomain$JavaSecurityAccessImpl.doIntersectionPrivilege(ProtectionDomain.java:85)
	at java.base/java.security.ProtectionDomain$JavaSecurityAccessImpl.doIntersectionPrivilege(ProtectionDomain.java:95)
	at java.desktop/java.awt.EventQueue$5.run(EventQueue.java:751)
	at java.desktop/java.awt.EventQueue$5.run(EventQueue.java:749)
	at java.base/java.security.AccessController.doPrivileged(Native Method)
	at java.base/java.security.ProtectionDomain$JavaSecurityAccessImpl.doIntersectionPrivilege(ProtectionDomain.java:85)
	at java.desktop/java.awt.EventQueue.dispatchEvent(EventQueue.java:748)
	at com.intellij.ide.IdeEventQueue.defaultDispatchEvent(IdeEventQueue.java:976)
	at com.intellij.ide.IdeEventQueue.dispatchMouseEvent(IdeEventQueue.java:911)
	at com.intellij.ide.IdeEventQueue._dispatchEvent(IdeEventQueue.java:840)
	at com.intellij.ide.IdeEventQueue.lambda$dispatchEvent$8(IdeEventQueue.java:454)
	at com.intellij.openapi.progress.impl.CoreProgressManager.computePrioritized(CoreProgressManager.java:773)
	at com.intellij.ide.IdeEventQueue.lambda$dispatchEvent$9(IdeEventQueue.java:453)
	at com.intellij.openapi.application.impl.ApplicationImpl.runIntendedWriteActionOnCurrentThread(ApplicationImpl.java:822)
	at com.intellij.ide.IdeEventQueue.dispatchEvent(IdeEventQueue.java:507)
	at java.desktop/java.awt.EventDispatchThread.pumpOneEventForFilters(EventDispatchThread.java:203)
	at java.desktop/java.awt.EventDispatchThread.pumpEventsForFilter(EventDispatchThread.java:124)
	at java.desktop/java.awt.EventDispatchThread.pumpEventsForHierarchy(EventDispatchThread.java:113)
	at java.desktop/java.awt.EventDispatchThread.pumpEvents(EventDispatchThread.java:109)
	at java.desktop/java.awt.EventDispatchThread.pumpEvents(EventDispatchThread.java:101)
	at java.desktop/java.awt.EventDispatchThread.run(EventDispatchThread.java:90)
2021-02-18 14:24:32,432 [ 307437]   WARN - .openapi.actionSystem.AnAction - ShortcutSet of global AnActions should not be changed outside of KeymapManager.
This is likely not what you wanted to do. Consider setting shortcut in keymap defaults, inheriting from other action using `use-shortcut-of` or wrapping with EmptyAction.wrap(). 
java.lang.Throwable
	at com.intellij.openapi.actionSystem.AnAction.setShortcutSet(AnAction.java:335)
	at com.intellij.openapi.actionSystem.AnAction.registerCustomShortcutSet(AnAction.java:196)
	at com.intellij.openapi.actionSystem.AnAction.registerCustomShortcutSet(AnAction.java:188)
	at com.intellij.openapi.actionSystem.impl.ActionManagerImpl.registerAction(ActionManagerImpl.java:1277)
	at com.intellij.openapi.actionSystem.impl.ActionManagerImpl.registerAction(ActionManagerImpl.java:1258)
	at com.intellij.openapi.actionSystem.impl.ActionManagerImpl.replaceAction(ActionManagerImpl.java:1484)
	at com.intellij.openapi.actionSystem.impl.ActionManagerImpl.replaceAction(ActionManagerImpl.java:1462)
	at com.intellij.largeFilesEditor.PlatformActionsReplacer.replaceActionByProxy(PlatformActionsReplacer.java:75)
	at com.intellij.largeFilesEditor.PlatformActionsReplacer.disableActionForLfe(PlatformActionsReplacer.java:63)
	at com.intellij.largeFilesEditor.PlatformActionsReplacer.makeAdaptingOfPlatformActions(PlatformActionsReplacer.java:29)
	at com.intellij.largeFilesEditor.PlatformActionsReplacer.makeAdaptingOfPlatformActionsIfNeed(PlatformActionsReplacer.java:21)
	at com.intellij.largeFilesEditor.editor.LargeFileEditorImpl.<init>(LargeFileEditorImpl.java:82)
	at com.intellij.largeFilesEditor.editor.LargeFileEditorProvider.createEditor(LargeFileEditorProvider.java:38)
	at com.intellij.openapi.fileEditor.impl.FileEditorManagerImpl.openFileImpl4Edt(FileEditorManagerImpl.java:891)
	at com.intellij.openapi.fileEditor.impl.FileEditorManagerImpl.lambda$openFileImpl4$17(FileEditorManagerImpl.java:860)
	at com.intellij.openapi.fileEditor.impl.FileEditorManagerImpl.runBulkTabChange(FileEditorManagerImpl.java:1680)
	at com.intellij.openapi.fileEditor.impl.FileEditorManagerImpl.lambda$openFileImpl4$18(FileEditorManagerImpl.java:859)
	at com.intellij.openapi.application.impl.ApplicationImpl.invokeAndWait(ApplicationImpl.java:463)
	at com.intellij.openapi.application.impl.ApplicationImpl.invokeAndWait(ApplicationImpl.java:481)
	at com.intellij.openapi.fileEditor.impl.FileEditorManagerImpl.openFileImpl4(FileEditorManagerImpl.java:858)
	at com.intellij.openapi.fileEditor.impl.FileEditorManagerImpl.openFileImpl3(FileEditorManagerImpl.java:804)
	at com.intellij.openapi.fileEditor.impl.FileEditorManagerImpl.lambda$openFileImpl2$14(FileEditorManagerImpl.java:785)
	at com.intellij.openapi.command.impl.CoreCommandProcessor.executeCommand(CoreCommandProcessor.java:211)
	at com.intellij.openapi.command.impl.CoreCommandProcessor.executeCommand(CoreCommandProcessor.java:177)
	at com.intellij.openapi.command.impl.CoreCommandProcessor.executeCommand(CoreCommandProcessor.java:167)
	at com.intellij.openapi.command.impl.CoreCommandProcessor.executeCommand(CoreCommandProcessor.java:153)
	at com.intellij.openapi.fileEditor.impl.FileEditorManagerImpl.openFileImpl2(FileEditorManagerImpl.java:785)
	at com.intellij.openapi.fileEditor.impl.FileEditorManagerImpl.openFileWithProviders(FileEditorManagerImpl.java:678)
	at com.intellij.openapi.fileEditor.ex.FileEditorManagerEx.openFile(FileEditorManagerEx.java:131)
	at com.intellij.openapi.fileEditor.impl.FileEditorManagerImpl.lambda$openEditorImpl$21(FileEditorManagerImpl.java:1149)
	at com.intellij.openapi.command.impl.CoreCommandProcessor.executeCommand(CoreCommandProcessor.java:211)
	at com.intellij.openapi.command.impl.CoreCommandProcessor.executeCommand(CoreCommandProcessor.java:177)
	at com.intellij.openapi.command.impl.CoreCommandProcessor.executeCommand(CoreCommandProcessor.java:167)
	at com.intellij.openapi.command.impl.CoreCommandProcessor.executeCommand(CoreCommandProcessor.java:153)
	at com.intellij.openapi.fileEditor.impl.FileEditorManagerImpl.openEditorImpl(FileEditorManagerImpl.java:1147)
	at com.intellij.openapi.fileEditor.impl.FileEditorManagerImpl.openFileEditor(FileEditorManagerImpl.java:1124)
	at com.intellij.openapi.fileEditor.FileEditorManager.openEditor(FileEditorManager.java:217)
	at com.intellij.openapi.fileEditor.FileNavigatorImpl.navigateInAnyFileEditor(FileNavigatorImpl.java:84)
	at com.intellij.openapi.fileEditor.FileNavigatorImpl.navigateInEditor(FileNavigatorImpl.java:65)
	at com.intellij.openapi.fileEditor.FileNavigatorImpl.navigateInEditorOrNativeApp(FileNavigatorImpl.java:50)
	at com.intellij.openapi.fileEditor.FileNavigatorImpl.navigate(FileNavigatorImpl.java:33)
	at com.intellij.openapi.fileEditor.OpenFileDescriptor.navigate(OpenFileDescriptor.java:90)
	at com.intellij.psi.impl.source.PsiFileImpl.navigate(PsiFileImpl.java:915)
	at com.intellij.codeInsight.navigation.NavigationUtil.lambda$openFileWithPsiElement$2(NavigationUtil.java:178)
	at com.intellij.openapi.command.impl.CoreCommandProcessor.executeCommand(CoreCommandProcessor.java:220)
	at com.intellij.openapi.command.impl.CoreCommandProcessor.executeCommand(CoreCommandProcessor.java:177)
	at com.intellij.openapi.command.impl.CoreCommandProcessor.executeCommand(CoreCommandProcessor.java:167)
	at com.intellij.openapi.command.impl.CoreCommandProcessor.executeCommand(CoreCommandProcessor.java:153)
	at com.intellij.codeInsight.navigation.NavigationUtil.openFileWithPsiElement(NavigationUtil.java:171)
	at com.intellij.ide.projectView.impl.nodes.AbstractPsiBasedNode.navigate(AbstractPsiBasedNode.java:235)
	at com.intellij.ide.projectView.impl.nodes.AbstractPsiBasedNode.navigate(AbstractPsiBasedNode.java:245)
	at com.intellij.ide.projectView.impl.nodes.PsiFileNode.navigate(PsiFileNode.java:116)
	at com.intellij.util.OpenSourceUtil.navigateToSource(OpenSourceUtil.java:119)
	at com.intellij.util.OpenSourceUtil.navigate(OpenSourceUtil.java:74)
	at com.intellij.util.OpenSourceUtil.navigate(OpenSourceUtil.java:58)
	at com.intellij.util.OpenSourceUtil.navigate(OpenSourceUtil.java:51)
	at com.intellij.util.OpenSourceUtil.openSourcesFrom(OpenSourceUtil.java:19)
	at com.intellij.util.EditSourceOnDoubleClickHandler$TreeMouseListener.processDoubleClick(EditSourceOnDoubleClickHandler.java:166)
	at com.intellij.util.EditSourceOnDoubleClickHandler$TreeMouseListener.onDoubleClick(EditSourceOnDoubleClickHandler.java:160)
	at com.intellij.ui.DoubleClickListener.onClick(DoubleClickListener.java:30)
	at com.intellij.ui.ClickListener$1.mouseReleased(ClickListener.java:59)
	at java.desktop/java.awt.AWTEventMulticaster.mouseReleased(AWTEventMulticaster.java:298)
	at java.desktop/java.awt.AWTEventMulticaster.mouseReleased(AWTEventMulticaster.java:297)
	at java.desktop/java.awt.AWTEventMulticaster.mouseReleased(AWTEventMulticaster.java:297)
	at java.desktop/java.awt.AWTEventMulticaster.mouseReleased(AWTEventMulticaster.java:297)
	at java.desktop/java.awt.AWTEventMulticaster.mouseReleased(AWTEventMulticaster.java:297)
	at java.desktop/java.awt.Component.processMouseEvent(Component.java:6652)
	at java.desktop/javax.swing.JComponent.processMouseEvent(JComponent.java:3345)
	at com.intellij.ui.treeStructure.Tree.processMouseEvent(Tree.java:385)
	at com.intellij.ide.dnd.aware.DnDAwareTree.processMouseEvent(DnDAwareTree.java:45)
	at java.desktop/java.awt.Component.processEvent(Component.java:6417)
	at java.desktop/java.awt.Container.processEvent(Container.java:2263)
	at java.desktop/java.awt.Component.dispatchEventImpl(Component.java:5027)
	at java.desktop/java.awt.Container.dispatchEventImpl(Container.java:2321)
	at java.desktop/java.awt.Component.dispatchEvent(Component.java:4859)
	at java.desktop/java.awt.LightweightDispatcher.retargetMouseEvent(Container.java:4918)
	at java.desktop/java.awt.LightweightDispatcher.processMouseEvent(Container.java:4547)
	at java.desktop/java.awt.LightweightDispatcher.dispatchEvent(Container.java:4488)
	at java.desktop/java.awt.Container.dispatchEventImpl(Container.java:2307)
	at java.desktop/java.awt.Window.dispatchEventImpl(Window.java:2780)
	at java.desktop/java.awt.Component.dispatchEvent(Component.java:4859)
	at java.desktop/java.awt.EventQueue.dispatchEventImpl(EventQueue.java:778)
	at java.desktop/java.awt.EventQueue$4.run(EventQueue.java:727)
	at java.desktop/java.awt.EventQueue$4.run(EventQueue.java:721)
	at java.base/java.security.AccessController.doPrivileged(Native Method)
	at java.base/java.security.ProtectionDomain$JavaSecurityAccessImpl.doIntersectionPrivilege(ProtectionDomain.java:85)
	at java.base/java.security.ProtectionDomain$JavaSecurityAccessImpl.doIntersectionPrivilege(ProtectionDomain.java:95)
	at java.desktop/java.awt.EventQueue$5.run(EventQueue.java:751)
	at java.desktop/java.awt.EventQueue$5.run(EventQueue.java:749)
	at java.base/java.security.AccessController.doPrivileged(Native Method)
	at java.base/java.security.ProtectionDomain$JavaSecurityAccessImpl.doIntersectionPrivilege(ProtectionDomain.java:85)
	at java.desktop/java.awt.EventQueue.dispatchEvent(EventQueue.java:748)
	at com.intellij.ide.IdeEventQueue.defaultDispatchEvent(IdeEventQueue.java:976)
	at com.intellij.ide.IdeEventQueue.dispatchMouseEvent(IdeEventQueue.java:911)
	at com.intellij.ide.IdeEventQueue._dispatchEvent(IdeEventQueue.java:840)
	at com.intellij.ide.IdeEventQueue.lambda$dispatchEvent$8(IdeEventQueue.java:454)
	at com.intellij.openapi.progress.impl.CoreProgressManager.computePrioritized(CoreProgressManager.java:773)
	at com.intellij.ide.IdeEventQueue.lambda$dispatchEvent$9(IdeEventQueue.java:453)
	at com.intellij.openapi.application.impl.ApplicationImpl.runIntendedWriteActionOnCurrentThread(ApplicationImpl.java:822)
	at com.intellij.ide.IdeEventQueue.dispatchEvent(IdeEventQueue.java:507)
	at java.desktop/java.awt.EventDispatchThread.pumpOneEventForFilters(EventDispatchThread.java:203)
	at java.desktop/java.awt.EventDispatchThread.pumpEventsForFilter(EventDispatchThread.java:124)
	at java.desktop/java.awt.EventDispatchThread.pumpEventsForHierarchy(EventDispatchThread.java:113)
	at java.desktop/java.awt.EventDispatchThread.pumpEvents(EventDispatchThread.java:109)
	at java.desktop/java.awt.EventDispatchThread.pumpEvents(EventDispatchThread.java:101)
	at java.desktop/java.awt.EventDispatchThread.run(EventDispatchThread.java:90)
